# JRE version: OpenJDK Runtime Environment (17.0.6) (build 17.0.6+0-b2043.56-10027231)
# Java VM: OpenJDK 64-Bit Server VM (17.0.6+0-b2043.56-10027231, mixed mode, tiered, compressed oops, compressed class ptrs, g1 gc, windows-amd64)
GC Precious Log:
 CPUs: 4 total, 4 available
 Memory: 8076M
 Large Page Support: Disabled
 NUMA Support: Disabled
 Compressed Oops: Enabled (32-bit)
 Heap Region Size: 1M
 Heap Min Capacity: 8M
 Heap Initial Capacity: 128M
 Heap Max Capacity: 2G
 Pre-touch: Disabled
 Parallel Workers: 4
 Concurrent Workers: 1
 Concurrent Refinement Workers: 4
 Periodic GC: Disabled
Heap:
 garbage-first heap   total 82944K, used 52986K [0x0000000080000000, 0x0000000100000000)
  region size 1024K, 26 young (26624K), 5 survivors (5120K)
 Metaspace       used 51616K, committed 52032K, reserved 1097728K
  class space    used 6909K, committed 7104K, reserved 1048576K
GC Heap History (20 events):
Event: 3.340 GC heap before
{Heap before GC invocations=3 (full 0):
 garbage-first heap   total 131072K, used 51859K [0x0000000080000000, 0x0000000100000000)
  region size 1024K, 42 young (43008K), 3 survivors (3072K)
 Metaspace       used 21179K, committed 21504K, reserved 1073152K
  class space    used 2567K, committed 2752K, reserved 1048576K
}
Event: 3.354 GC heap after
{Heap after GC invocations=4 (full 0):
 garbage-first heap   total 131072K, used 18263K [0x0000000080000000, 0x0000000100000000)
  region size 1024K, 8 young (8192K), 8 survivors (8192K)
 Metaspace       used 21179K, committed 21504K, reserved 1073152K
  class space    used 2567K, committed 2752K, reserved 1048576K
}
Event: 4.619 GC heap before
{Heap before GC invocations=5 (full 0):
 garbage-first heap   total 68608K, used 51031K [0x0000000080000000, 0x0000000100000000)
  region size 1024K, 40 young (40960K), 8 survivors (8192K)
 Metaspace       used 26213K, committed 26496K, reserved 1073152K
  class space    used 3443K, committed 3584K, reserved 1048576K
}
Event: 4.645 GC heap after
{Heap after GC invocations=6 (full 0):
 garbage-first heap   total 68608K, used 20298K [0x0000000080000000, 0x0000000100000000)
  region size 1024K, 3 young (3072K), 3 survivors (3072K)
 Metaspace       used 26213K, committed 26496K, reserved 1073152K
  class space    used 3443K, committed 3584K, reserved 1048576K
}
Event: 4.786 GC heap before
{Heap before GC invocations=6 (full 0):
 garbage-first heap   total 68608K, used 20298K [0x0000000080000000, 0x0000000100000000)
  region size 1024K, 4 young (4096K), 3 survivors (3072K)
 Metaspace       used 26404K, committed 26688K, reserved 1073152K
  class space    used 3477K, committed 3584K, reserved 1048576K
}
Event: 4.791 GC heap after
{Heap after GC invocations=7 (full 0):
 garbage-first heap   total 68608K, used 20319K [0x0000000080000000, 0x0000000100000000)
  region size 1024K, 1 young (1024K), 1 survivors (1024K)
 Metaspace       used 26404K, committed 26688K, reserved 1073152K
  class space    used 3477K, committed 3584K, reserved 1048576K
}
Event: 7.017 GC heap before
{Heap before GC invocations=7 (full 0):
 garbage-first heap   total 68608K, used 46943K [0x0000000080000000, 0x0000000100000000)
  region size 1024K, 27 young (27648K), 1 survivors (1024K)
 Metaspace       used 30631K, committed 30976K, reserved 1081344K
  class space    used 4160K, committed 4288K, reserved 1048576K
}
Event: 7.023 GC heap after
{Heap after GC invocations=8 (full 0):
 garbage-first heap   total 68608K, used 21518K [0x0000000080000000, 0x0000000100000000)
  region size 1024K, 2 young (2048K), 2 survivors (2048K)
 Metaspace       used 30631K, committed 30976K, reserved 1081344K
  class space    used 4160K, committed 4288K, reserved 1048576K
}
Event: 7.816 GC heap before
{Heap before GC invocations=8 (full 0):
 garbage-first heap   total 68608K, used 49166K [0x0000000080000000, 0x0000000100000000)
  region size 1024K, 29 young (29696K), 2 survivors (2048K)
 Metaspace       used 35340K, committed 35712K, reserved 1081344K
  class space    used 4870K, committed 5056K, reserved 1048576K
}
Event: 7.823 GC heap after
{Heap after GC invocations=9 (full 0):
 garbage-first heap   total 68608K, used 23775K [0x0000000080000000, 0x0000000100000000)
  region size 1024K, 4 young (4096K), 4 survivors (4096K)
 Metaspace       used 35340K, committed 35712K, reserved 1081344K
  class space    used 4870K, committed 5056K, reserved 1048576K
}
Event: 7.874 GC heap before
{Heap before GC invocations=9 (full 0):
 garbage-first heap   total 68608K, used 23775K [0x0000000080000000, 0x0000000100000000)
  region size 1024K, 5 young (5120K), 4 survivors (4096K)
 Metaspace       used 35644K, committed 35968K, reserved 1081344K
  class space    used 4875K, committed 5056K, reserved 1048576K
}
Event: 7.884 GC heap after
{Heap after GC invocations=10 (full 0):
 garbage-first heap   total 68608K, used 24007K [0x0000000080000000, 0x0000000100000000)
  region size 1024K, 1 young (1024K), 1 survivors (1024K)
 Metaspace       used 35644K, committed 35968K, reserved 1081344K
  class space    used 4875K, committed 5056K, reserved 1048576K
}
Event: 8.587 GC heap before
{Heap before GC invocations=11 (full 0):
 garbage-first heap   total 68608K, used 51655K [0x0000000080000000, 0x0000000100000000)
  region size 1024K, 29 young (29696K), 1 survivors (1024K)
 Metaspace       used 40423K, committed 40768K, reserved 1089536K
  class space    used 5355K, committed 5504K, reserved 1048576K
}
Event: 8.598 GC heap after
{Heap after GC invocations=12 (full 0):
 garbage-first heap   total 68608K, used 28120K [0x0000000080000000, 0x0000000100000000)
  region size 1024K, 4 young (4096K), 4 survivors (4096K)
 Metaspace       used 40423K, committed 40768K, reserved 1089536K
  class space    used 5355K, committed 5504K, reserved 1048576K
}
Event: 8.607 GC heap before
{Heap before GC invocations=12 (full 0):
 garbage-first heap   total 68608K, used 29144K [0x0000000080000000, 0x0000000100000000)
  region size 1024K, 5 young (5120K), 4 survivors (4096K)
 Metaspace       used 40435K, committed 40768K, reserved 1089536K
  class space    used 5355K, committed 5504K, reserved 1048576K
}
Event: 8.615 GC heap after
{Heap after GC invocations=13 (full 0):
 garbage-first heap   total 82944K, used 27988K [0x0000000080000000, 0x0000000100000000)
  region size 1024K, 1 young (1024K), 1 survivors (1024K)
 Metaspace       used 40435K, committed 40768K, reserved 1089536K
  class space    used 5355K, committed 5504K, reserved 1048576K
}
Event: 9.492 GC heap before
{Heap before GC invocations=13 (full 0):
 garbage-first heap   total 82944K, used 65876K [0x0000000080000000, 0x0000000100000000)
  region size 1024K, 35 young (35840K), 1 survivors (1024K)
 Metaspace       used 44433K, committed 44800K, reserved 1089536K
  class space    used 5741K, committed 5888K, reserved 1048576K
}
Event: 9.501 GC heap after
{Heap after GC invocations=14 (full 0):
 garbage-first heap   total 82944K, used 30290K [0x0000000080000000, 0x0000000100000000)
  region size 1024K, 3 young (3072K), 3 survivors (3072K)
 Metaspace       used 44433K, committed 44800K, reserved 1089536K
  class space    used 5741K, committed 5888K, reserved 1048576K
}
Event: 10.382 GC heap before
{Heap before GC invocations=15 (full 0):
 garbage-first heap   total 82944K, used 63058K [0x0000000080000000, 0x0000000100000000)
  region size 1024K, 35 young (35840K), 3 survivors (3072K)
 Metaspace       used 48696K, committed 49152K, reserved 1097728K
  class space    used 6477K, committed 6656K, reserved 1048576K
}
Event: 10.392 GC heap after
{Heap after GC invocations=16 (full 0):
 garbage-first heap   total 82944K, used 32506K [0x0000000080000000, 0x0000000100000000)
  region size 1024K, 5 young (5120K), 5 survivors (5120K)
 Metaspace       used 48696K, committed 49152K, reserved 1097728K
  class space    used 6477K, committed 6656K, reserved 1048576K
}

