# JRE version: OpenJDK Runtime Environment (17.0.6) (build 17.0.6+0-b2043.56-10027231)
# Java VM: OpenJDK 64-Bit Server VM (17.0.6+0-b2043.56-10027231, mixed mode, tiered, compressed oops, compressed class ptrs, g1 gc, windows-amd64)
GC Precious Log:
 CPUs: 4 total, 4 available
 Memory: 8076M
 Large Page Support: Disabled
 NUMA Support: Disabled
 Compressed Oops: Enabled (32-bit)
 Heap Region Size: 1M
 Heap Min Capacity: 8M
 Heap Initial Capacity: 128M
 Heap Max Capacity: 2G
 Pre-touch: Disabled
 Parallel Workers: 4
 Concurrent Workers: 1
 Concurrent Refinement Workers: 4
 Periodic GC: Disabled
Heap:
 garbage-first heap   total 331776K, used 172001K [0x0000000080000000, 0x0000000100000000)
  region size 1024K, 2 young (2048K), 2 survivors (2048K)
 Metaspace       used 110434K, committed 111104K, reserved 1146880K
  class space    used 15091K, committed 15424K, reserved 1048576K
GC Heap History (20 events):
Event: 18.820 GC heap after
{Heap after GC invocations=39 (full 0):
 garbage-first heap   total 163840K, used 90096K [0x0000000080000000, 0x0000000100000000)
  region size 1024K, 3 young (3072K), 3 survivors (3072K)
 Metaspace       used 95230K, committed 95872K, reserved 1138688K
  class space    used 13011K, committed 13312K, reserved 1048576K
}
Event: 18.980 GC heap before
{Heap before GC invocations=39 (full 0):
 garbage-first heap   total 163840K, used 98288K [0x0000000080000000, 0x0000000100000000)
  region size 1024K, 13 young (13312K), 3 survivors (3072K)
 Metaspace       used 95602K, committed 96256K, reserved 1138688K
  class space    used 13071K, committed 13376K, reserved 1048576K
}
Event: 18.988 GC heap after
{Heap after GC invocations=40 (full 0):
 garbage-first heap   total 163840K, used 90773K [0x0000000080000000, 0x0000000100000000)
  region size 1024K, 4 young (4096K), 4 survivors (4096K)
 Metaspace       used 95602K, committed 96256K, reserved 1138688K
  class space    used 13071K, committed 13376K, reserved 1048576K
}
Event: 20.031 GC heap before
{Heap before GC invocations=41 (full 0):
 garbage-first heap   total 171008K, used 134805K [0x0000000080000000, 0x0000000100000000)
  region size 1024K, 47 young (48128K), 4 survivors (4096K)
 Metaspace       used 98508K, committed 99200K, reserved 1138688K
  class space    used 13349K, committed 13696K, reserved 1048576K
}
Event: 20.048 GC heap after
{Heap after GC invocations=42 (full 0):
 garbage-first heap   total 171008K, used 94266K [0x0000000080000000, 0x0000000100000000)
  region size 1024K, 5 young (5120K), 5 survivors (5120K)
 Metaspace       used 98508K, committed 99200K, reserved 1138688K
  class space    used 13349K, committed 13696K, reserved 1048576K
}
Event: 20.196 GC heap before
{Heap before GC invocations=42 (full 0):
 garbage-first heap   total 171008K, used 138298K [0x0000000080000000, 0x0000000100000000)
  region size 1024K, 49 young (50176K), 5 survivors (5120K)
 Metaspace       used 99352K, committed 100032K, reserved 1138688K
  class space    used 13472K, committed 13824K, reserved 1048576K
}
Event: 20.206 GC heap after
{Heap after GC invocations=43 (full 0):
 garbage-first heap   total 171008K, used 102712K [0x0000000080000000, 0x0000000100000000)
  region size 1024K, 7 young (7168K), 7 survivors (7168K)
 Metaspace       used 99352K, committed 100032K, reserved 1138688K
  class space    used 13472K, committed 13824K, reserved 1048576K
}
Event: 20.482 GC heap before
{Heap before GC invocations=43 (full 0):
 garbage-first heap   total 234496K, used 138552K [0x0000000080000000, 0x0000000100000000)
  region size 1024K, 43 young (44032K), 7 survivors (7168K)
 Metaspace       used 100732K, committed 101440K, reserved 1138688K
  class space    used 13681K, committed 14016K, reserved 1048576K
}
Event: 20.489 GC heap after
{Heap after GC invocations=44 (full 0):
 garbage-first heap   total 281600K, used 109544K [0x0000000080000000, 0x0000000100000000)
  region size 1024K, 6 young (6144K), 6 survivors (6144K)
 Metaspace       used 100732K, committed 101440K, reserved 1138688K
  class space    used 13681K, committed 14016K, reserved 1048576K
}
Event: 21.594 GC heap before
{Heap before GC invocations=45 (full 0):
 garbage-first heap   total 281600K, used 225256K [0x0000000080000000, 0x0000000100000000)
  region size 1024K, 119 young (121856K), 6 survivors (6144K)
 Metaspace       used 105185K, committed 105856K, reserved 1146880K
  class space    used 14306K, committed 14656K, reserved 1048576K
}
Event: 21.633 GC heap after
{Heap after GC invocations=46 (full 0):
 garbage-first heap   total 281600K, used 130367K [0x0000000080000000, 0x0000000100000000)
  region size 1024K, 15 young (15360K), 15 survivors (15360K)
 Metaspace       used 105185K, committed 105856K, reserved 1146880K
  class space    used 14306K, committed 14656K, reserved 1048576K
}
Event: 21.642 GC heap before
{Heap before GC invocations=46 (full 0):
 garbage-first heap   total 281600K, used 131391K [0x0000000080000000, 0x0000000100000000)
  region size 1024K, 16 young (16384K), 15 survivors (15360K)
 Metaspace       used 105185K, committed 105856K, reserved 1146880K
  class space    used 14306K, committed 14656K, reserved 1048576K
}
Event: 21.681 GC heap after
{Heap after GC invocations=47 (full 0):
 garbage-first heap   total 281600K, used 133120K [0x0000000080000000, 0x0000000100000000)
  region size 1024K, 2 young (2048K), 2 survivors (2048K)
 Metaspace       used 105185K, committed 105856K, reserved 1146880K
  class space    used 14306K, committed 14656K, reserved 1048576K
}
Event: 22.215 GC heap before
{Heap before GC invocations=47 (full 0):
 garbage-first heap   total 281600K, used 208896K [0x0000000080000000, 0x0000000100000000)
  region size 1024K, 76 young (77824K), 2 survivors (2048K)
 Metaspace       used 107335K, committed 108032K, reserved 1146880K
  class space    used 14568K, committed 14912K, reserved 1048576K
}
Event: 22.248 GC heap after
{Heap after GC invocations=48 (full 0):
 garbage-first heap   total 281600K, used 144896K [0x0000000080000000, 0x0000000100000000)
  region size 1024K, 10 young (10240K), 10 survivors (10240K)
 Metaspace       used 107335K, committed 108032K, reserved 1146880K
  class space    used 14568K, committed 14912K, reserved 1048576K
}
Event: 22.854 GC heap before
{Heap before GC invocations=48 (full 0):
 garbage-first heap   total 331776K, used 215552K [0x0000000080000000, 0x0000000100000000)
  region size 1024K, 79 young (80896K), 10 survivors (10240K)
 Metaspace       used 107550K, committed 108224K, reserved 1146880K
  class space    used 14614K, committed 14976K, reserved 1048576K
}
Event: 22.895 GC heap after
{Heap after GC invocations=49 (full 0):
 garbage-first heap   total 331776K, used 156672K [0x0000000080000000, 0x0000000100000000)
  region size 1024K, 10 young (10240K), 10 survivors (10240K)
 Metaspace       used 107550K, committed 108224K, reserved 1146880K
  class space    used 14614K, committed 14976K, reserved 1048576K
}
Event: 23.696 GC heap before
{Heap before GC invocations=50 (full 0):
 garbage-first heap   total 331776K, used 247808K [0x0000000080000000, 0x0000000100000000)
  region size 1024K, 100 young (102400K), 10 survivors (10240K)
 Metaspace       used 110360K, committed 111040K, reserved 1146880K
  class space    used 15085K, committed 15424K, reserved 1048576K
}
Event: 23.740 GC heap after
{Heap after GC invocations=51 (full 0):
 garbage-first heap   total 331776K, used 170478K [0x0000000080000000, 0x0000000100000000)
  region size 1024K, 13 young (13312K), 13 survivors (13312K)
 Metaspace       used 110360K, committed 111040K, reserved 1146880K
  class space    used 15085K, committed 15424K, reserved 1048576K
}
Event: 23.771 GC heap before
{Heap before GC invocations=51 (full 0):
 garbage-first heap   total 331776K, used 173550K [0x0000000080000000, 0x0000000100000000)
  region size 1024K, 16 young (16384K), 13 survivors (13312K)
 Metaspace       used 110434K, committed 111104K, reserved 1146880K
  class space    used 15091K, committed 15424K, reserved 1048576K
}

