# JRE version: OpenJDK Runtime Environment (17.0.6) (build 17.0.6+0-b2043.56-10027231)
# Java VM: OpenJDK 64-Bit Server VM (17.0.6+0-b2043.56-10027231, mixed mode, tiered, compressed oops, compressed class ptrs, g1 gc, windows-amd64)
GC Precious Log:
 CPUs: 4 total, 4 available
 Memory: 8076M
 Large Page Support: Disabled
 NUMA Support: Disabled
 Compressed Oops: Enabled (32-bit)
 Heap Region Size: 1M
 Heap Min Capacity: 8M
 Heap Initial Capacity: 128M
 Heap Max Capacity: 2G
 Pre-touch: Disabled
 Parallel Workers: 4
 Concurrent Workers: 1
 Concurrent Refinement Workers: 4
 Periodic GC: Disabled
Heap:
 garbage-first heap   total 147456K, used 80323K [0x0000000080000000, 0x0000000100000000)
  region size 1024K, 6 young (6144K), 1 survivors (1024K)
 Metaspace       used 92062K, committed 92736K, reserved 1130496K
  class space    used 12555K, committed 12864K, reserved 1048576K
GC Heap History (20 events):
Event: 11.384 GC heap before
{Heap before GC invocations=27 (full 0):
 garbage-first heap   total 116736K, used 87416K [0x0000000080000000, 0x0000000100000000)
  region size 1024K, 32 young (32768K), 4 survivors (4096K)
 Metaspace       used 68614K, committed 69248K, reserved 1114112K
  class space    used 9089K, committed 9408K, reserved 1048576K
}
Event: 11.396 GC heap after
{Heap after GC invocations=28 (full 0):
 garbage-first heap   total 116736K, used 61069K [0x0000000080000000, 0x0000000100000000)
  region size 1024K, 3 young (3072K), 3 survivors (3072K)
 Metaspace       used 68614K, committed 69248K, reserved 1114112K
  class space    used 9089K, committed 9408K, reserved 1048576K
}
Event: 12.029 GC heap before
{Heap before GC invocations=29 (full 0):
 garbage-first heap   total 116736K, used 88717K [0x0000000080000000, 0x0000000100000000)
  region size 1024K, 30 young (30720K), 3 survivors (3072K)
 Metaspace       used 71477K, committed 72064K, reserved 1114112K
  class space    used 9482K, committed 9792K, reserved 1048576K
}
Event: 12.037 GC heap after
{Heap after GC invocations=30 (full 0):
 garbage-first heap   total 116736K, used 63075K [0x0000000080000000, 0x0000000100000000)
  region size 1024K, 2 young (2048K), 2 survivors (2048K)
 Metaspace       used 71477K, committed 72064K, reserved 1114112K
  class space    used 9482K, committed 9792K, reserved 1048576K
}
Event: 12.565 GC heap before
{Heap before GC invocations=30 (full 0):
 garbage-first heap   total 116736K, used 91747K [0x0000000080000000, 0x0000000100000000)
  region size 1024K, 30 young (30720K), 2 survivors (2048K)
 Metaspace       used 75318K, committed 75904K, reserved 1122304K
  class space    used 9992K, committed 10304K, reserved 1048576K
}
Event: 12.572 GC heap after
{Heap after GC invocations=31 (full 0):
 garbage-first heap   total 116736K, used 65000K [0x0000000080000000, 0x0000000100000000)
  region size 1024K, 4 young (4096K), 4 survivors (4096K)
 Metaspace       used 75318K, committed 75904K, reserved 1122304K
  class space    used 9992K, committed 10304K, reserved 1048576K
}
Event: 13.074 GC heap before
{Heap before GC invocations=32 (full 0):
 garbage-first heap   total 121856K, used 91624K [0x0000000080000000, 0x0000000100000000)
  region size 1024K, 31 young (31744K), 4 survivors (4096K)
 Metaspace       used 76757K, committed 77376K, reserved 1122304K
  class space    used 10188K, committed 10496K, reserved 1048576K
}
Event: 13.086 GC heap after
{Heap after GC invocations=33 (full 0):
 garbage-first heap   total 121856K, used 66824K [0x0000000080000000, 0x0000000100000000)
  region size 1024K, 4 young (4096K), 4 survivors (4096K)
 Metaspace       used 76757K, committed 77376K, reserved 1122304K
  class space    used 10188K, committed 10496K, reserved 1048576K
}
Event: 13.195 GC heap before
{Heap before GC invocations=33 (full 0):
 garbage-first heap   total 121856K, used 72968K [0x0000000080000000, 0x0000000100000000)
  region size 1024K, 11 young (11264K), 4 survivors (4096K)
 Metaspace       used 77398K, committed 78016K, reserved 1122304K
  class space    used 10277K, committed 10560K, reserved 1048576K
}
Event: 13.201 GC heap after
{Heap after GC invocations=34 (full 0):
 garbage-first heap   total 121856K, used 67248K [0x0000000080000000, 0x0000000100000000)
  region size 1024K, 3 young (3072K), 3 survivors (3072K)
 Metaspace       used 77398K, committed 78016K, reserved 1122304K
  class space    used 10277K, committed 10560K, reserved 1048576K
}
Event: 14.059 GC heap before
{Heap before GC invocations=35 (full 0):
 garbage-first heap   total 122880K, used 100016K [0x0000000080000000, 0x0000000100000000)
  region size 1024K, 34 young (34816K), 3 survivors (3072K)
 Metaspace       used 81323K, committed 81984K, reserved 1122304K
  class space    used 11009K, committed 11328K, reserved 1048576K
}
Event: 14.069 GC heap after
{Heap after GC invocations=36 (full 0):
 garbage-first heap   total 122880K, used 68774K [0x0000000080000000, 0x0000000100000000)
  region size 1024K, 4 young (4096K), 4 survivors (4096K)
 Metaspace       used 81323K, committed 81984K, reserved 1122304K
  class space    used 11009K, committed 11328K, reserved 1048576K
}
Event: 14.134 GC heap before
{Heap before GC invocations=36 (full 0):
 garbage-first heap   total 122880K, used 70822K [0x0000000080000000, 0x0000000100000000)
  region size 1024K, 6 young (6144K), 4 survivors (4096K)
 Metaspace       used 81489K, committed 82112K, reserved 1122304K
  class space    used 11030K, committed 11328K, reserved 1048576K
}
Event: 14.147 GC heap after
{Heap after GC invocations=37 (full 0):
 garbage-first heap   total 147456K, used 68424K [0x0000000080000000, 0x0000000100000000)
  region size 1024K, 1 young (1024K), 1 survivors (1024K)
 Metaspace       used 81489K, committed 82112K, reserved 1122304K
  class space    used 11030K, committed 11328K, reserved 1048576K
}
Event: 15.229 GC heap before
{Heap before GC invocations=37 (full 0):
 garbage-first heap   total 147456K, used 116552K [0x0000000080000000, 0x0000000100000000)
  region size 1024K, 48 young (49152K), 1 survivors (1024K)
 Metaspace       used 85960K, committed 86592K, reserved 1130496K
  class space    used 11673K, committed 11968K, reserved 1048576K
}
Event: 15.237 GC heap after
{Heap after GC invocations=38 (full 0):
 garbage-first heap   total 147456K, used 71990K [0x0000000080000000, 0x0000000100000000)
  region size 1024K, 4 young (4096K), 4 survivors (4096K)
 Metaspace       used 85960K, committed 86592K, reserved 1130496K
  class space    used 11673K, committed 11968K, reserved 1048576K
}
Event: 16.399 GC heap before
{Heap before GC invocations=39 (full 0):
 garbage-first heap   total 147456K, used 119094K [0x0000000080000000, 0x0000000100000000)
  region size 1024K, 50 young (51200K), 4 survivors (4096K)
 Metaspace       used 91583K, committed 92224K, reserved 1130496K
  class space    used 12482K, committed 12800K, reserved 1048576K
}
Event: 16.412 GC heap after
{Heap after GC invocations=40 (full 0):
 garbage-first heap   total 147456K, used 75997K [0x0000000080000000, 0x0000000100000000)
  region size 1024K, 4 young (4096K), 4 survivors (4096K)
 Metaspace       used 91583K, committed 92224K, reserved 1130496K
  class space    used 12482K, committed 12800K, reserved 1048576K
}
Event: 16.478 GC heap before
{Heap before GC invocations=40 (full 0):
 garbage-first heap   total 147456K, used 79069K [0x0000000080000000, 0x0000000100000000)
  region size 1024K, 7 young (7168K), 4 survivors (4096K)
 Metaspace       used 91802K, committed 92416K, reserved 1130496K
  class space    used 12516K, committed 12800K, reserved 1048576K
}
Event: 16.488 GC heap after
{Heap after GC invocations=41 (full 0):
 garbage-first heap   total 147456K, used 76227K [0x0000000080000000, 0x0000000100000000)
  region size 1024K, 1 young (1024K), 1 survivors (1024K)
 Metaspace       used 91802K, committed 92416K, reserved 1130496K
  class space    used 12516K, committed 12800K, reserved 1048576K
}

