# JRE version: OpenJDK Runtime Environment (17.0.6) (build 17.0.6+0-b2043.56-10027231)
# Java VM: OpenJDK 64-Bit Server VM (17.0.6+0-b2043.56-10027231, mixed mode, tiered, compressed oops, compressed class ptrs, g1 gc, windows-amd64)
GC Precious Log:
 CPUs: 4 total, 4 available
 Memory: 8076M
 Large Page Support: Disabled
 NUMA Support: Disabled
 Compressed Oops: Enabled (32-bit)
 Heap Region Size: 1M
 Heap Min Capacity: 8M
 Heap Initial Capacity: 128M
 Heap Max Capacity: 2G
 Pre-touch: Disabled
 Parallel Workers: 4
 Concurrent Workers: 1
 Concurrent Refinement Workers: 4
 Periodic GC: Disabled
Heap:
 garbage-first heap   total 393216K, used 197639K [0x0000000080000000, 0x0000000100000000)
  region size 1024K, 65 young (66560K), 22 survivors (22528K)
 Metaspace       used 131857K, committed 132928K, reserved 1171456K
  class space    used 17706K, committed 18240K, reserved 1048576K
GC Heap History (20 events):
Event: 19.497 GC heap before
{Heap before GC invocations=29 (full 0):
 garbage-first heap   total 222208K, used 174691K [0x0000000080000000, 0x0000000100000000)
  region size 1024K, 88 young (90112K), 8 survivors (8192K)
 Metaspace       used 95933K, committed 96640K, reserved 1138688K
  class space    used 13042K, committed 13376K, reserved 1048576K
}
Event: 19.522 GC heap after
{Heap after GC invocations=30 (full 0):
 garbage-first heap   total 222208K, used 99840K [0x0000000080000000, 0x0000000100000000)
  region size 1024K, 6 young (6144K), 6 survivors (6144K)
 Metaspace       used 95933K, committed 96640K, reserved 1138688K
  class space    used 13042K, committed 13376K, reserved 1048576K
}
Event: 20.637 GC heap before
{Heap before GC invocations=30 (full 0):
 garbage-first heap   total 222208K, used 177664K [0x0000000080000000, 0x0000000100000000)
  region size 1024K, 83 young (84992K), 6 survivors (6144K)
 Metaspace       used 96021K, committed 96704K, reserved 1138688K
  class space    used 13046K, committed 13376K, reserved 1048576K
}
Event: 20.663 GC heap after
{Heap after GC invocations=31 (full 0):
 garbage-first heap   total 393216K, used 104757K [0x0000000080000000, 0x0000000100000000)
  region size 1024K, 5 young (5120K), 5 survivors (5120K)
 Metaspace       used 96021K, committed 96704K, reserved 1138688K
  class space    used 13046K, committed 13376K, reserved 1048576K
}
Event: 94.364 GC heap before
{Heap before GC invocations=31 (full 0):
 garbage-first heap   total 393216K, used 363829K [0x0000000080000000, 0x0000000100000000)
  region size 1024K, 191 young (195584K), 5 survivors (5120K)
 Metaspace       used 106618K, committed 107456K, reserved 1146880K
  class space    used 14383K, committed 14784K, reserved 1048576K
}
Event: 94.404 GC heap after
{Heap after GC invocations=32 (full 0):
 garbage-first heap   total 393216K, used 122190K [0x0000000080000000, 0x0000000100000000)
  region size 1024K, 22 young (22528K), 22 survivors (22528K)
 Metaspace       used 106618K, committed 107456K, reserved 1146880K
  class space    used 14383K, committed 14784K, reserved 1048576K
}
Event: 95.237 GC heap before
{Heap before GC invocations=32 (full 0):
 garbage-first heap   total 393216K, used 158030K [0x0000000080000000, 0x0000000100000000)
  region size 1024K, 59 young (60416K), 22 survivors (22528K)
 Metaspace       used 115019K, committed 115840K, reserved 1155072K
  class space    used 15607K, committed 16000K, reserved 1048576K
}
Event: 95.274 GC heap after
{Heap after GC invocations=33 (full 0):
 garbage-first heap   total 393216K, used 125411K [0x0000000080000000, 0x0000000100000000)
  region size 1024K, 4 young (4096K), 4 survivors (4096K)
 Metaspace       used 115019K, committed 115840K, reserved 1155072K
  class space    used 15607K, committed 16000K, reserved 1048576K
}
Event: 155.830 GC heap before
{Heap before GC invocations=34 (full 0):
 garbage-first heap   total 393216K, used 356835K [0x0000000080000000, 0x0000000100000000)
  region size 1024K, 185 young (189440K), 4 survivors (4096K)
 Metaspace       used 122742K, committed 123712K, reserved 1163264K
  class space    used 16681K, committed 17152K, reserved 1048576K
}
Event: 155.857 GC heap after
{Heap after GC invocations=35 (full 0):
 garbage-first heap   total 393216K, used 134748K [0x0000000080000000, 0x0000000100000000)
  region size 1024K, 13 young (13312K), 13 survivors (13312K)
 Metaspace       used 122742K, committed 123712K, reserved 1163264K
  class space    used 16681K, committed 17152K, reserved 1048576K
}
Event: 156.087 GC heap before
{Heap before GC invocations=35 (full 0):
 garbage-first heap   total 393216K, used 139868K [0x0000000080000000, 0x0000000100000000)
  region size 1024K, 19 young (19456K), 13 survivors (13312K)
 Metaspace       used 122815K, committed 123776K, reserved 1163264K
  class space    used 16693K, committed 17152K, reserved 1048576K
}
Event: 156.121 GC heap after
{Heap after GC invocations=36 (full 0):
 garbage-first heap   total 393216K, used 134656K [0x0000000080000000, 0x0000000100000000)
  region size 1024K, 2 young (2048K), 2 survivors (2048K)
 Metaspace       used 122815K, committed 123776K, reserved 1163264K
  class space    used 16693K, committed 17152K, reserved 1048576K
}
Event: 405.054 GC heap before
{Heap before GC invocations=36 (full 0):
 garbage-first heap   total 393216K, used 360960K [0x0000000080000000, 0x0000000100000000)
  region size 1024K, 178 young (182272K), 2 survivors (2048K)
 Metaspace       used 124308K, committed 125312K, reserved 1163264K
  class space    used 16808K, committed 17280K, reserved 1048576K
}
Event: 405.089 GC heap after
{Heap after GC invocations=37 (full 0):
 garbage-first heap   total 393216K, used 145016K [0x0000000080000000, 0x0000000100000000)
  region size 1024K, 12 young (12288K), 12 survivors (12288K)
 Metaspace       used 124308K, committed 125312K, reserved 1163264K
  class space    used 16808K, committed 17280K, reserved 1048576K
}
Event: 519.154 GC heap before
{Heap before GC invocations=38 (full 0):
 garbage-first heap   total 393216K, used 316024K [0x0000000080000000, 0x0000000100000000)
  region size 1024K, 181 young (185344K), 12 survivors (12288K)
 Metaspace       used 130185K, committed 131264K, reserved 1163264K
  class space    used 17566K, committed 18048K, reserved 1048576K
}
Event: 519.171 GC heap after
{Heap after GC invocations=39 (full 0):
 garbage-first heap   total 393216K, used 139184K [0x0000000080000000, 0x0000000100000000)
  region size 1024K, 7 young (7168K), 7 survivors (7168K)
 Metaspace       used 130185K, committed 131264K, reserved 1163264K
  class space    used 17566K, committed 18048K, reserved 1048576K
}
Event: 519.337 GC heap before
{Heap before GC invocations=39 (full 0):
 garbage-first heap   total 393216K, used 151472K [0x0000000080000000, 0x0000000100000000)
  region size 1024K, 19 young (19456K), 7 survivors (7168K)
 Metaspace       used 130293K, committed 131328K, reserved 1163264K
  class space    used 17577K, committed 18048K, reserved 1048576K
}
Event: 519.352 GC heap after
{Heap after GC invocations=40 (full 0):
 garbage-first heap   total 393216K, used 135342K [0x0000000080000000, 0x0000000100000000)
  region size 1024K, 3 young (3072K), 3 survivors (3072K)
 Metaspace       used 130293K, committed 131328K, reserved 1163264K
  class space    used 17577K, committed 18048K, reserved 1048576K
}
Event: 602.343 GC heap before
{Heap before GC invocations=40 (full 0):
 garbage-first heap   total 393216K, used 318638K [0x0000000080000000, 0x0000000100000000)
  region size 1024K, 183 young (187392K), 3 survivors (3072K)
 Metaspace       used 131488K, committed 132608K, reserved 1171456K
  class space    used 17676K, committed 18176K, reserved 1048576K
}
Event: 602.385 GC heap after
{Heap after GC invocations=41 (full 0):
 garbage-first heap   total 393216K, used 154631K [0x0000000080000000, 0x0000000100000000)
  region size 1024K, 22 young (22528K), 22 survivors (22528K)
 Metaspace       used 131488K, committed 132608K, reserved 1171456K
  class space    used 17676K, committed 18176K, reserved 1048576K
}

