# JRE version: OpenJDK Runtime Environment (17.0.6) (build 17.0.6+0-b2043.56-10027231)
# Java VM: OpenJDK 64-Bit Server VM (17.0.6+0-b2043.56-10027231, mixed mode, tiered, compressed oops, compressed class ptrs, g1 gc, windows-amd64)
GC Precious Log:
 CPUs: 4 total, 4 available
 Memory: 8076M
 Large Page Support: Disabled
 NUMA Support: Disabled
 Compressed Oops: Enabled (32-bit)
 Heap Region Size: 1M
 Heap Min Capacity: 8M
 Heap Initial Capacity: 128M
 Heap Max Capacity: 2020M
 Pre-touch: Disabled
 Parallel Workers: 4
 Concurrent Workers: 1
 Concurrent Refinement Workers: 4
 Periodic GC: Disabled
Heap:
 garbage-first heap   total 146432K, used 78263K [0x0000000081c00000, 0x0000000100000000)
  region size 1024K, 2 young (2048K), 2 survivors (2048K)
 Metaspace       used 82373K, committed 82752K, reserved 1122304K
  class space    used 9113K, committed 9280K, reserved 1048576K
GC Heap History (20 events):
Event: 5.207 GC heap after
{Heap after GC invocations=16 (full 0):
 garbage-first heap   total 81920K, used 40444K [0x0000000081c00000, 0x0000000100000000)
  region size 1024K, 3 young (3072K), 3 survivors (3072K)
 Metaspace       used 53946K, committed 54272K, reserved 1097728K
  class space    used 6457K, committed 6592K, reserved 1048576K
}
Event: 6.044 GC heap before
{Heap before GC invocations=16 (full 0):
 garbage-first heap   total 81920K, used 63996K [0x0000000081c00000, 0x0000000100000000)
  region size 1024K, 26 young (26624K), 3 survivors (3072K)
 Metaspace       used 55223K, committed 55488K, reserved 1105920K
  class space    used 6511K, committed 6656K, reserved 1048576K
}
Event: 6.060 GC heap after
{Heap after GC invocations=17 (full 0):
 garbage-first heap   total 81920K, used 44502K [0x0000000081c00000, 0x0000000100000000)
  region size 1024K, 4 young (4096K), 4 survivors (4096K)
 Metaspace       used 55223K, committed 55488K, reserved 1105920K
  class space    used 6511K, committed 6656K, reserved 1048576K
}
Event: 6.439 GC heap before
{Heap before GC invocations=18 (full 0):
 garbage-first heap   total 81920K, used 63958K [0x0000000081c00000, 0x0000000100000000)
  region size 1024K, 23 young (23552K), 4 survivors (4096K)
 Metaspace       used 55778K, committed 56064K, reserved 1105920K
  class space    used 6556K, committed 6720K, reserved 1048576K
}
Event: 6.459 GC heap after
{Heap after GC invocations=19 (full 0):
 garbage-first heap   total 81920K, used 47473K [0x0000000081c00000, 0x0000000100000000)
  region size 1024K, 3 young (3072K), 3 survivors (3072K)
 Metaspace       used 55778K, committed 56064K, reserved 1105920K
  class space    used 6556K, committed 6720K, reserved 1048576K
}
Event: 6.874 GC heap before
{Heap before GC invocations=19 (full 0):
 garbage-first heap   total 81920K, used 64881K [0x0000000081c00000, 0x0000000100000000)
  region size 1024K, 20 young (20480K), 3 survivors (3072K)
 Metaspace       used 56879K, committed 57152K, reserved 1105920K
  class space    used 6678K, committed 6784K, reserved 1048576K
}
Event: 6.888 GC heap after
{Heap after GC invocations=20 (full 0):
 garbage-first heap   total 81920K, used 49777K [0x0000000081c00000, 0x0000000100000000)
  region size 1024K, 3 young (3072K), 3 survivors (3072K)
 Metaspace       used 56879K, committed 57152K, reserved 1105920K
  class space    used 6678K, committed 6784K, reserved 1048576K
}
Event: 7.489 GC heap before
{Heap before GC invocations=21 (full 0):
 garbage-first heap   total 91136K, used 65137K [0x0000000081c00000, 0x0000000100000000)
  region size 1024K, 18 young (18432K), 3 survivors (3072K)
 Metaspace       used 58116K, committed 58432K, reserved 1105920K
  class space    used 6793K, committed 6912K, reserved 1048576K
}
Event: 7.501 GC heap after
{Heap after GC invocations=22 (full 0):
 garbage-first heap   total 91136K, used 52459K [0x0000000081c00000, 0x0000000100000000)
  region size 1024K, 3 young (3072K), 3 survivors (3072K)
 Metaspace       used 58116K, committed 58432K, reserved 1105920K
  class space    used 6793K, committed 6912K, reserved 1048576K
}
Event: 7.530 GC heap before
{Heap before GC invocations=22 (full 0):
 garbage-first heap   total 91136K, used 53483K [0x0000000081c00000, 0x0000000100000000)
  region size 1024K, 4 young (4096K), 3 survivors (3072K)
 Metaspace       used 58125K, committed 58432K, reserved 1105920K
  class space    used 6793K, committed 6912K, reserved 1048576K
}
Event: 7.554 GC heap after
{Heap after GC invocations=23 (full 0):
 garbage-first heap   total 146432K, used 52556K [0x0000000081c00000, 0x0000000100000000)
  region size 1024K, 1 young (1024K), 1 survivors (1024K)
 Metaspace       used 58125K, committed 58432K, reserved 1105920K
  class space    used 6793K, committed 6912K, reserved 1048576K
}
Event: 9.742 GC heap before
{Heap before GC invocations=23 (full 0):
 garbage-first heap   total 146432K, used 108876K [0x0000000081c00000, 0x0000000100000000)
  region size 1024K, 56 young (57344K), 1 survivors (1024K)
 Metaspace       used 63709K, committed 64000K, reserved 1105920K
  class space    used 7257K, committed 7424K, reserved 1048576K
}
Event: 9.754 GC heap after
{Heap after GC invocations=24 (full 0):
 garbage-first heap   total 146432K, used 57703K [0x0000000081c00000, 0x0000000100000000)
  region size 1024K, 6 young (6144K), 6 survivors (6144K)
 Metaspace       used 63709K, committed 64000K, reserved 1105920K
  class space    used 7257K, committed 7424K, reserved 1048576K
}
Event: 11.273 GC heap before
{Heap before GC invocations=24 (full 0):
 garbage-first heap   total 146432K, used 109927K [0x0000000081c00000, 0x0000000100000000)
  region size 1024K, 57 young (58368K), 6 survivors (6144K)
 Metaspace       used 69627K, committed 69888K, reserved 1114112K
  class space    used 7879K, committed 8000K, reserved 1048576K
}
Event: 11.295 GC heap after
{Heap after GC invocations=25 (full 0):
 garbage-first heap   total 146432K, used 65380K [0x0000000081c00000, 0x0000000100000000)
  region size 1024K, 8 young (8192K), 8 survivors (8192K)
 Metaspace       used 69627K, committed 69888K, reserved 1114112K
  class space    used 7879K, committed 8000K, reserved 1048576K
}
Event: 12.418 GC heap before
{Heap before GC invocations=25 (full 0):
 garbage-first heap   total 146432K, used 111460K [0x0000000081c00000, 0x0000000100000000)
  region size 1024K, 53 young (54272K), 8 survivors (8192K)
 Metaspace       used 73650K, committed 73984K, reserved 1122304K
  class space    used 8275K, committed 8448K, reserved 1048576K
}
Event: 12.446 GC heap after
{Heap after GC invocations=26 (full 0):
 garbage-first heap   total 146432K, used 72109K [0x0000000081c00000, 0x0000000100000000)
  region size 1024K, 7 young (7168K), 7 survivors (7168K)
 Metaspace       used 73650K, committed 73984K, reserved 1122304K
  class space    used 8275K, committed 8448K, reserved 1048576K
}
Event: 13.571 GC heap before
{Heap before GC invocations=26 (full 0):
 garbage-first heap   total 146432K, used 113069K [0x0000000081c00000, 0x0000000100000000)
  region size 1024K, 47 young (48128K), 7 survivors (7168K)
 Metaspace       used 78889K, committed 79296K, reserved 1122304K
  class space    used 8841K, committed 9024K, reserved 1048576K
}
Event: 13.594 GC heap after
{Heap after GC invocations=27 (full 0):
 garbage-first heap   total 146432K, used 76195K [0x0000000081c00000, 0x0000000100000000)
  region size 1024K, 4 young (4096K), 4 survivors (4096K)
 Metaspace       used 78889K, committed 79296K, reserved 1122304K
  class space    used 8841K, committed 9024K, reserved 1048576K
}
Event: 14.627 GC heap before
{Heap before GC invocations=27 (full 0):
 garbage-first heap   total 146432K, used 116131K [0x0000000081c00000, 0x0000000100000000)
  region size 1024K, 43 young (44032K), 4 survivors (4096K)
 Metaspace       used 82373K, committed 82752K, reserved 1122304K
  class space    used 9113K, committed 9280K, reserved 1048576K
}

