# JRE version: OpenJDK Runtime Environment (17.0.6) (build 17.0.6+0-b2043.56-10027231)
# Java VM: OpenJDK 64-Bit Server VM (17.0.6+0-b2043.56-10027231, mixed mode, tiered, compressed oops, compressed class ptrs, g1 gc, windows-amd64)
GC Precious Log:
 CPUs: 4 total, 4 available
 Memory: 8076M
 Large Page Support: Disabled
 NUMA Support: Disabled
 Compressed Oops: Enabled (32-bit)
 Heap Region Size: 1M
 Heap Min Capacity: 8M
 Heap Initial Capacity: 128M
 Heap Max Capacity: 2020M
 Pre-touch: Disabled
 Parallel Workers: 4
 Concurrent Workers: 1
 Concurrent Refinement Workers: 4
 Periodic GC: Disabled
Heap:
 garbage-first heap   total 131072K, used 74240K [0x0000000081c00000, 0x0000000100000000)
  region size 1024K, 3 young (3072K), 3 survivors (3072K)
 Metaspace       used 71703K, committed 72064K, reserved 1114112K
  class space    used 7961K, committed 8128K, reserved 1048576K
GC Heap History (20 events):
Event: 6.229 GC heap after
{Heap after GC invocations=15 (full 0):
 garbage-first heap   total 92160K, used 41100K [0x0000000081c00000, 0x0000000100000000)
  region size 1024K, 5 young (5120K), 5 survivors (5120K)
 Metaspace       used 54506K, committed 54784K, reserved 1097728K
  class space    used 6490K, committed 6592K, reserved 1048576K
}
Event: 7.393 GC heap before
{Heap before GC invocations=15 (full 0):
 garbage-first heap   total 92160K, used 71820K [0x0000000081c00000, 0x0000000100000000)
  region size 1024K, 35 young (35840K), 5 survivors (5120K)
 Metaspace       used 55686K, committed 55936K, reserved 1105920K
  class space    used 6530K, committed 6656K, reserved 1048576K
}
Event: 7.422 GC heap after
{Heap after GC invocations=16 (full 0):
 garbage-first heap   total 92160K, used 46640K [0x0000000081c00000, 0x0000000100000000)
  region size 1024K, 5 young (5120K), 5 survivors (5120K)
 Metaspace       used 55686K, committed 55936K, reserved 1105920K
  class space    used 6530K, committed 6656K, reserved 1048576K
}
Event: 8.135 GC heap before
{Heap before GC invocations=16 (full 0):
 garbage-first heap   total 92160K, used 71216K [0x0000000081c00000, 0x0000000100000000)
  region size 1024K, 29 young (29696K), 5 survivors (5120K)
 Metaspace       used 57436K, committed 57664K, reserved 1105920K
  class space    used 6728K, committed 6848K, reserved 1048576K
}
Event: 8.153 GC heap after
{Heap after GC invocations=17 (full 0):
 garbage-first heap   total 92160K, used 50354K [0x0000000081c00000, 0x0000000100000000)
  region size 1024K, 4 young (4096K), 4 survivors (4096K)
 Metaspace       used 57436K, committed 57664K, reserved 1105920K
  class space    used 6728K, committed 6848K, reserved 1048576K
}
Event: 9.219 GC heap before
{Heap before GC invocations=18 (full 0):
 garbage-first heap   total 92160K, used 72882K [0x0000000081c00000, 0x0000000100000000)
  region size 1024K, 26 young (26624K), 4 survivors (4096K)
 Metaspace       used 58995K, committed 59264K, reserved 1105920K
  class space    used 6853K, committed 6976K, reserved 1048576K
}
Event: 9.234 GC heap after
{Heap after GC invocations=19 (full 0):
 garbage-first heap   total 92160K, used 53722K [0x0000000081c00000, 0x0000000100000000)
  region size 1024K, 3 young (3072K), 3 survivors (3072K)
 Metaspace       used 58995K, committed 59264K, reserved 1105920K
  class space    used 6853K, committed 6976K, reserved 1048576K
}
Event: 10.576 GC heap before
{Heap before GC invocations=19 (full 0):
 garbage-first heap   total 92160K, used 74202K [0x0000000081c00000, 0x0000000100000000)
  region size 1024K, 23 young (23552K), 3 survivors (3072K)
 Metaspace       used 60219K, committed 60480K, reserved 1105920K
  class space    used 6857K, committed 6976K, reserved 1048576K
}
Event: 10.591 GC heap after
{Heap after GC invocations=20 (full 0):
 garbage-first heap   total 119808K, used 54845K [0x0000000081c00000, 0x0000000100000000)
  region size 1024K, 2 young (2048K), 2 survivors (2048K)
 Metaspace       used 60219K, committed 60480K, reserved 1105920K
  class space    used 6857K, committed 6976K, reserved 1048576K
}
Event: 12.260 GC heap before
{Heap before GC invocations=21 (full 0):
 garbage-first heap   total 119808K, used 94781K [0x0000000081c00000, 0x0000000100000000)
  region size 1024K, 41 young (41984K), 2 survivors (2048K)
 Metaspace       used 62408K, committed 62720K, reserved 1105920K
  class space    used 7024K, committed 7168K, reserved 1048576K
}
Event: 12.278 GC heap after
{Heap after GC invocations=22 (full 0):
 garbage-first heap   total 119808K, used 58224K [0x0000000081c00000, 0x0000000100000000)
  region size 1024K, 5 young (5120K), 5 survivors (5120K)
 Metaspace       used 62408K, committed 62720K, reserved 1105920K
  class space    used 7024K, committed 7168K, reserved 1048576K
}
Event: 12.315 GC heap before
{Heap before GC invocations=22 (full 0):
 garbage-first heap   total 119808K, used 59248K [0x0000000081c00000, 0x0000000100000000)
  region size 1024K, 6 young (6144K), 5 survivors (5120K)
 Metaspace       used 62549K, committed 62848K, reserved 1105920K
  class space    used 7042K, committed 7168K, reserved 1048576K
}
Event: 12.332 GC heap after
{Heap after GC invocations=23 (full 0):
 garbage-first heap   total 119808K, used 58492K [0x0000000081c00000, 0x0000000100000000)
  region size 1024K, 1 young (1024K), 1 survivors (1024K)
 Metaspace       used 62549K, committed 62848K, reserved 1105920K
  class space    used 7042K, committed 7168K, reserved 1048576K
}
Event: 13.599 GC heap before
{Heap before GC invocations=23 (full 0):
 garbage-first heap   total 119808K, used 94332K [0x0000000081c00000, 0x0000000100000000)
  region size 1024K, 36 young (36864K), 1 survivors (1024K)
 Metaspace       used 68392K, committed 68736K, reserved 1114112K
  class space    used 7639K, committed 7808K, reserved 1048576K
}
Event: 13.615 GC heap after
{Heap after GC invocations=24 (full 0):
 garbage-first heap   total 119808K, used 61989K [0x0000000081c00000, 0x0000000100000000)
  region size 1024K, 5 young (5120K), 5 survivors (5120K)
 Metaspace       used 68392K, committed 68736K, reserved 1114112K
  class space    used 7639K, committed 7808K, reserved 1048576K
}
Event: 14.730 GC heap before
{Heap before GC invocations=25 (full 0):
 garbage-first heap   total 119808K, used 94757K [0x0000000081c00000, 0x0000000100000000)
  region size 1024K, 37 young (37888K), 5 survivors (5120K)
 Metaspace       used 70707K, committed 71040K, reserved 1114112K
  class space    used 7886K, committed 8064K, reserved 1048576K
}
Event: 14.765 GC heap after
{Heap after GC invocations=26 (full 0):
 garbage-first heap   total 119808K, used 70156K [0x0000000081c00000, 0x0000000100000000)
  region size 1024K, 5 young (5120K), 5 survivors (5120K)
 Metaspace       used 70707K, committed 71040K, reserved 1114112K
  class space    used 7886K, committed 8064K, reserved 1048576K
}
Event: 14.799 GC heap before
{Heap before GC invocations=26 (full 0):
 garbage-first heap   total 119808K, used 71180K [0x0000000081c00000, 0x0000000100000000)
  region size 1024K, 6 young (6144K), 5 survivors (5120K)
 Metaspace       used 70707K, committed 71040K, reserved 1114112K
  class space    used 7886K, committed 8064K, reserved 1048576K
}
Event: 14.819 GC heap after
{Heap after GC invocations=27 (full 0):
 garbage-first heap   total 119808K, used 71073K [0x0000000081c00000, 0x0000000100000000)
  region size 1024K, 1 young (1024K), 1 survivors (1024K)
 Metaspace       used 70707K, committed 71040K, reserved 1114112K
  class space    used 7886K, committed 8064K, reserved 1048576K
}
Event: 15.501 GC heap before
{Heap before GC invocations=27 (full 0):
 garbage-first heap   total 119808K, used 94625K [0x0000000081c00000, 0x0000000100000000)
  region size 1024K, 24 young (24576K), 1 survivors (1024K)
 Metaspace       used 71703K, committed 72064K, reserved 1114112K
  class space    used 7961K, committed 8128K, reserved 1048576K
}

