# JRE version: OpenJDK Runtime Environment (17.0.6) (build 17.0.6+0-b2043.56-10027231)
# Java VM: OpenJDK 64-Bit Server VM (17.0.6+0-b2043.56-10027231, mixed mode, tiered, compressed oops, compressed class ptrs, g1 gc, windows-amd64)
GC Precious Log:
 CPUs: 4 total, 4 available
 Memory: 8076M
 Large Page Support: Disabled
 NUMA Support: Disabled
 Compressed Oops: Enabled (32-bit)
 Heap Region Size: 1M
 Heap Min Capacity: 8M
 Heap Initial Capacity: 128M
 Heap Max Capacity: 2G
 Pre-touch: Disabled
 Parallel Workers: 4
 Concurrent Workers: 1
 Concurrent Refinement Workers: 4
 Periodic GC: Disabled
Heap:
 garbage-first heap   total 141312K, used 97158K [0x0000000080000000, 0x0000000100000000)
  region size 1024K, 35 young (35840K), 6 survivors (6144K)
 Metaspace       used 83753K, committed 84352K, reserved 1122304K
  class space    used 11361K, committed 11648K, reserved 1048576K
GC Heap History (20 events):
Event: 4.653 GC heap before
{Heap before GC invocations=8 (full 0):
 garbage-first heap   total 71680K, used 44684K [0x0000000080000000, 0x0000000100000000)
  region size 1024K, 26 young (26624K), 2 survivors (2048K)
 Metaspace       used 35597K, committed 35968K, reserved 1081344K
  class space    used 4874K, committed 5056K, reserved 1048576K
}
Event: 4.660 GC heap after
{Heap after GC invocations=9 (full 0):
 garbage-first heap   total 71680K, used 24139K [0x0000000080000000, 0x0000000100000000)
  region size 1024K, 4 young (4096K), 4 survivors (4096K)
 Metaspace       used 35597K, committed 35968K, reserved 1081344K
  class space    used 4874K, committed 5056K, reserved 1048576K
}
Event: 5.229 GC heap before
{Heap before GC invocations=10 (full 0):
 garbage-first heap   total 71680K, used 52811K [0x0000000080000000, 0x0000000100000000)
  region size 1024K, 33 young (33792K), 4 survivors (4096K)
 Metaspace       used 40381K, committed 40704K, reserved 1089536K
  class space    used 5353K, committed 5504K, reserved 1048576K
}
Event: 5.310 GC heap after
{Heap after GC invocations=11 (full 0):
 garbage-first heap   total 71680K, used 28221K [0x0000000080000000, 0x0000000100000000)
  region size 1024K, 5 young (5120K), 5 survivors (5120K)
 Metaspace       used 40381K, committed 40704K, reserved 1089536K
  class space    used 5353K, committed 5504K, reserved 1048576K
}
Event: 5.334 GC heap before
{Heap before GC invocations=11 (full 0):
 garbage-first heap   total 71680K, used 29245K [0x0000000080000000, 0x0000000100000000)
  region size 1024K, 6 young (6144K), 5 survivors (5120K)
 Metaspace       used 40410K, committed 40768K, reserved 1089536K
  class space    used 5355K, committed 5504K, reserved 1048576K
}
Event: 5.345 GC heap after
{Heap after GC invocations=12 (full 0):
 garbage-first heap   total 141312K, used 29023K [0x0000000080000000, 0x0000000100000000)
  region size 1024K, 1 young (1024K), 1 survivors (1024K)
 Metaspace       used 40410K, committed 40768K, reserved 1089536K
  class space    used 5355K, committed 5504K, reserved 1048576K
}
Event: 6.731 GC heap before
{Heap before GC invocations=12 (full 0):
 garbage-first heap   total 141312K, used 99679K [0x0000000080000000, 0x0000000100000000)
  region size 1024K, 66 young (67584K), 1 survivors (1024K)
 Metaspace       used 48694K, committed 49088K, reserved 1097728K
  class space    used 6481K, committed 6656K, reserved 1048576K
}
Event: 6.740 GC heap after
{Heap after GC invocations=13 (full 0):
 garbage-first heap   total 141312K, used 32772K [0x0000000080000000, 0x0000000100000000)
  region size 1024K, 5 young (5120K), 5 survivors (5120K)
 Metaspace       used 48694K, committed 49088K, reserved 1097728K
  class space    used 6481K, committed 6656K, reserved 1048576K
}
Event: 8.437 GC heap before
{Heap before GC invocations=13 (full 0):
 garbage-first heap   total 141312K, used 112644K [0x0000000080000000, 0x0000000100000000)
  region size 1024K, 74 young (75776K), 5 survivors (5120K)
 Metaspace       used 53553K, committed 54080K, reserved 1097728K
  class space    used 7132K, committed 7360K, reserved 1048576K
}
Event: 8.450 GC heap after
{Heap after GC invocations=14 (full 0):
 garbage-first heap   total 141312K, used 50883K [0x0000000080000000, 0x0000000100000000)
  region size 1024K, 10 young (10240K), 10 survivors (10240K)
 Metaspace       used 53553K, committed 54080K, reserved 1097728K
  class space    used 7132K, committed 7360K, reserved 1048576K
}
Event: 9.547 GC heap before
{Heap before GC invocations=14 (full 0):
 garbage-first heap   total 141312K, used 96963K [0x0000000080000000, 0x0000000100000000)
  region size 1024K, 55 young (56320K), 10 survivors (10240K)
 Metaspace       used 59929K, committed 60480K, reserved 1105920K
  class space    used 7930K, committed 8192K, reserved 1048576K
}
Event: 9.562 GC heap after
{Heap after GC invocations=15 (full 0):
 garbage-first heap   total 141312K, used 54622K [0x0000000080000000, 0x0000000100000000)
  region size 1024K, 4 young (4096K), 4 survivors (4096K)
 Metaspace       used 59929K, committed 60480K, reserved 1105920K
  class space    used 7930K, committed 8192K, reserved 1048576K
}
Event: 10.860 GC heap before
{Heap before GC invocations=16 (full 0):
 garbage-first heap   total 141312K, used 111966K [0x0000000080000000, 0x0000000100000000)
  region size 1024K, 54 young (55296K), 4 survivors (4096K)
 Metaspace       used 66123K, committed 66688K, reserved 1114112K
  class space    used 8773K, committed 9024K, reserved 1048576K
}
Event: 10.875 GC heap after
{Heap after GC invocations=17 (full 0):
 garbage-first heap   total 141312K, used 58644K [0x0000000080000000, 0x0000000100000000)
  region size 1024K, 7 young (7168K), 7 survivors (7168K)
 Metaspace       used 66123K, committed 66688K, reserved 1114112K
  class space    used 8773K, committed 9024K, reserved 1048576K
}
Event: 13.120 GC heap before
{Heap before GC invocations=17 (full 0):
 garbage-first heap   total 141312K, used 107796K [0x0000000080000000, 0x0000000100000000)
  region size 1024K, 55 young (56320K), 7 survivors (7168K)
 Metaspace       used 71012K, committed 71616K, reserved 1114112K
  class space    used 9401K, committed 9728K, reserved 1048576K
}
Event: 13.135 GC heap after
{Heap after GC invocations=18 (full 0):
 garbage-first heap   total 141312K, used 62791K [0x0000000080000000, 0x0000000100000000)
  region size 1024K, 4 young (4096K), 4 survivors (4096K)
 Metaspace       used 71012K, committed 71616K, reserved 1114112K
  class space    used 9401K, committed 9728K, reserved 1048576K
}
Event: 14.782 GC heap before
{Heap before GC invocations=18 (full 0):
 garbage-first heap   total 141312K, used 108871K [0x0000000080000000, 0x0000000100000000)
  region size 1024K, 50 young (51200K), 4 survivors (4096K)
 Metaspace       used 75494K, committed 76096K, reserved 1122304K
  class space    used 9996K, committed 10304K, reserved 1048576K
}
Event: 14.800 GC heap after
{Heap after GC invocations=19 (full 0):
 garbage-first heap   total 141312K, used 65798K [0x0000000080000000, 0x0000000100000000)
  region size 1024K, 7 young (7168K), 7 survivors (7168K)
 Metaspace       used 75494K, committed 76096K, reserved 1122304K
  class space    used 9996K, committed 10304K, reserved 1048576K
}
Event: 15.865 GC heap before
{Heap before GC invocations=19 (full 0):
 garbage-first heap   total 141312K, used 112902K [0x0000000080000000, 0x0000000100000000)
  region size 1024K, 52 young (53248K), 7 survivors (7168K)
 Metaspace       used 80770K, committed 81408K, reserved 1122304K
  class space    used 10917K, committed 11200K, reserved 1048576K
}
Event: 15.879 GC heap after
{Heap after GC invocations=20 (full 0):
 garbage-first heap   total 141312K, used 68486K [0x0000000080000000, 0x0000000100000000)
  region size 1024K, 6 young (6144K), 6 survivors (6144K)
 Metaspace       used 80770K, committed 81408K, reserved 1122304K
  class space    used 10917K, committed 11200K, reserved 1048576K
}

