# JRE version: OpenJDK Runtime Environment (17.0.6) (build 17.0.6+0-b2043.56-10027231)
# Java VM: OpenJDK 64-Bit Server VM (17.0.6+0-b2043.56-10027231, mixed mode, tiered, compressed oops, compressed class ptrs, g1 gc, windows-amd64)
GC Precious Log:
 CPUs: 4 total, 4 available
 Memory: 8076M
 Large Page Support: Disabled
 NUMA Support: Disabled
 Compressed Oops: Enabled (32-bit)
 Heap Region Size: 1M
 Heap Min Capacity: 8M
 Heap Initial Capacity: 128M
 Heap Max Capacity: 2G
 Pre-touch: Disabled
 Parallel Workers: 4
 Concurrent Workers: 1
 Concurrent Refinement Workers: 4
 Periodic GC: Disabled
Heap:
 garbage-first heap   total 334848K, used 168969K [0x0000000080000000, 0x0000000100000000)
  region size 1024K, 12 young (12288K), 12 survivors (12288K)
 Metaspace       used 115695K, committed 116416K, reserved 1155072K
  class space    used 15727K, committed 16064K, reserved 1048576K
GC Heap History (20 events):
Event: 18.939 GC heap after
{Heap after GC invocations=26 (full 0):
 garbage-first heap   total 232448K, used 93600K [0x0000000080000000, 0x0000000100000000)
  region size 1024K, 11 young (11264K), 11 survivors (11264K)
 Metaspace       used 97175K, committed 97856K, reserved 1138688K
  class space    used 13195K, committed 13504K, reserved 1048576K
}
Event: 20.384 GC heap before
{Heap before GC invocations=26 (full 0):
 garbage-first heap   total 232448K, used 184736K [0x0000000080000000, 0x0000000100000000)
  region size 1024K, 101 young (103424K), 11 survivors (11264K)
 Metaspace       used 105438K, committed 106112K, reserved 1146880K
  class space    used 14335K, committed 14656K, reserved 1048576K
}
Event: 20.415 GC heap after
{Heap after GC invocations=27 (full 0):
 garbage-first heap   total 232448K, used 103364K [0x0000000080000000, 0x0000000100000000)
  region size 1024K, 10 young (10240K), 10 survivors (10240K)
 Metaspace       used 105438K, committed 106112K, reserved 1146880K
  class space    used 14335K, committed 14656K, reserved 1048576K
}
Event: 21.512 GC heap before
{Heap before GC invocations=27 (full 0):
 garbage-first heap   total 232448K, used 185284K [0x0000000080000000, 0x0000000100000000)
  region size 1024K, 91 young (93184K), 10 survivors (10240K)
 Metaspace       used 111464K, committed 112192K, reserved 1146880K
  class space    used 15291K, committed 15616K, reserved 1048576K
}
Event: 21.545 GC heap after
{Heap after GC invocations=28 (full 0):
 garbage-first heap   total 232448K, used 115519K [0x0000000080000000, 0x0000000100000000)
  region size 1024K, 12 young (12288K), 12 survivors (12288K)
 Metaspace       used 111464K, committed 112192K, reserved 1146880K
  class space    used 15291K, committed 15616K, reserved 1048576K
}
Event: 22.554 GC heap before
{Heap before GC invocations=28 (full 0):
 garbage-first heap   total 232448K, used 186175K [0x0000000080000000, 0x0000000100000000)
  region size 1024K, 82 young (83968K), 12 survivors (12288K)
 Metaspace       used 114146K, committed 114816K, reserved 1155072K
  class space    used 15618K, committed 15936K, reserved 1048576K
}
Event: 22.585 GC heap after
{Heap after GC invocations=29 (full 0):
 garbage-first heap   total 232448K, used 120779K [0x0000000080000000, 0x0000000100000000)
  region size 1024K, 6 young (6144K), 6 survivors (6144K)
 Metaspace       used 114146K, committed 114816K, reserved 1155072K
  class space    used 15618K, committed 15936K, reserved 1048576K
}
Event: 23.586 GC heap before
{Heap before GC invocations=29 (full 0):
 garbage-first heap   total 232448K, used 189387K [0x0000000080000000, 0x0000000100000000)
  region size 1024K, 73 young (74752K), 6 survivors (6144K)
 Metaspace       used 114911K, committed 115648K, reserved 1155072K
  class space    used 15713K, committed 16064K, reserved 1048576K
}
Event: 23.613 GC heap after
{Heap after GC invocations=30 (full 0):
 garbage-first heap   total 279552K, used 120717K [0x0000000080000000, 0x0000000100000000)
  region size 1024K, 6 young (6144K), 6 survivors (6144K)
 Metaspace       used 114911K, committed 115648K, reserved 1155072K
  class space    used 15713K, committed 16064K, reserved 1048576K
}
Event: 24.905 GC heap before
{Heap before GC invocations=31 (full 0):
 garbage-first heap   total 279552K, used 225165K [0x0000000080000000, 0x0000000100000000)
  region size 1024K, 109 young (111616K), 6 survivors (6144K)
 Metaspace       used 115457K, committed 116224K, reserved 1155072K
  class space    used 15717K, committed 16064K, reserved 1048576K
}
Event: 24.931 GC heap after
{Heap after GC invocations=32 (full 0):
 garbage-first heap   total 279552K, used 131786K [0x0000000080000000, 0x0000000100000000)
  region size 1024K, 14 young (14336K), 14 survivors (14336K)
 Metaspace       used 115457K, committed 116224K, reserved 1155072K
  class space    used 15717K, committed 16064K, reserved 1048576K
}
Event: 24.945 GC heap before
{Heap before GC invocations=32 (full 0):
 garbage-first heap   total 279552K, used 132810K [0x0000000080000000, 0x0000000100000000)
  region size 1024K, 15 young (15360K), 14 survivors (14336K)
 Metaspace       used 115460K, committed 116224K, reserved 1155072K
  class space    used 15717K, committed 16064K, reserved 1048576K
}
Event: 24.971 GC heap after
{Heap after GC invocations=33 (full 0):
 garbage-first heap   total 279552K, used 133196K [0x0000000080000000, 0x0000000100000000)
  region size 1024K, 2 young (2048K), 2 survivors (2048K)
 Metaspace       used 115460K, committed 116224K, reserved 1155072K
  class space    used 15717K, committed 16064K, reserved 1048576K
}
Event: 25.392 GC heap before
{Heap before GC invocations=33 (full 0):
 garbage-first heap   total 279552K, used 224332K [0x0000000080000000, 0x0000000100000000)
  region size 1024K, 92 young (94208K), 2 survivors (2048K)
 Metaspace       used 115581K, committed 116352K, reserved 1155072K
  class space    used 15722K, committed 16064K, reserved 1048576K
}
Event: 25.413 GC heap after
{Heap after GC invocations=34 (full 0):
 garbage-first heap   total 279552K, used 146379K [0x0000000080000000, 0x0000000100000000)
  region size 1024K, 12 young (12288K), 12 survivors (12288K)
 Metaspace       used 115581K, committed 116352K, reserved 1155072K
  class space    used 15722K, committed 16064K, reserved 1048576K
}
Event: 26.065 GC heap before
{Heap before GC invocations=35 (full 0):
 garbage-first heap   total 334848K, used 221131K [0x0000000080000000, 0x0000000100000000)
  region size 1024K, 86 young (88064K), 12 survivors (12288K)
 Metaspace       used 115635K, committed 116352K, reserved 1155072K
  class space    used 15722K, committed 16064K, reserved 1048576K
}
Event: 26.095 GC heap after
{Heap after GC invocations=36 (full 0):
 garbage-first heap   total 334848K, used 157867K [0x0000000080000000, 0x0000000100000000)
  region size 1024K, 11 young (11264K), 11 survivors (11264K)
 Metaspace       used 115635K, committed 116352K, reserved 1155072K
  class space    used 15722K, committed 16064K, reserved 1048576K
}
Event: 26.121 GC heap before
{Heap before GC invocations=36 (full 0):
 garbage-first heap   total 334848K, used 162987K [0x0000000080000000, 0x0000000100000000)
  region size 1024K, 16 young (16384K), 11 survivors (11264K)
 Metaspace       used 115637K, committed 116352K, reserved 1155072K
  class space    used 15722K, committed 16064K, reserved 1048576K
}
Event: 26.143 GC heap after
{Heap after GC invocations=37 (full 0):
 garbage-first heap   total 334848K, used 159165K [0x0000000080000000, 0x0000000100000000)
  region size 1024K, 2 young (2048K), 2 survivors (2048K)
 Metaspace       used 115637K, committed 116352K, reserved 1155072K
  class space    used 15722K, committed 16064K, reserved 1048576K
}
Event: 26.625 GC heap before
{Heap before GC invocations=37 (full 0):
 garbage-first heap   total 334848K, used 264637K [0x0000000080000000, 0x0000000100000000)
  region size 1024K, 105 young (107520K), 2 survivors (2048K)
 Metaspace       used 115695K, committed 116416K, reserved 1155072K
  class space    used 15727K, committed 16064K, reserved 1048576K
}

