# JRE version: OpenJDK Runtime Environment (17.0.6) (build 17.0.6+0-b2043.56-10027231)
# Java VM: OpenJDK 64-Bit Server VM (17.0.6+0-b2043.56-10027231, mixed mode, tiered, compressed oops, compressed class ptrs, g1 gc, windows-amd64)
GC Precious Log:
 CPUs: 4 total, 4 available
 Memory: 8076M
 Large Page Support: Disabled
 NUMA Support: Disabled
 Compressed Oops: Enabled (32-bit)
 Heap Region Size: 1M
 Heap Min Capacity: 8M
 Heap Initial Capacity: 128M
 Heap Max Capacity: 2G
 Pre-touch: Disabled
 Parallel Workers: 4
 Concurrent Workers: 1
 Concurrent Refinement Workers: 4
 Periodic GC: Disabled
Heap:
 garbage-first heap   total 509952K, used 237986K [0x0000000080000000, 0x0000000100000000)
  region size 1024K, 37 young (37888K), 2 survivors (2048K)
 Metaspace       used 107183K, committed 107968K, reserved 1146880K
  class space    used 14740K, committed 15104K, reserved 1048576K
GC Heap History (20 events):
Event: 17.258 GC heap before
{Heap before GC invocations=32 (full 0):
 garbage-first heap   total 181248K, used 142122K [0x0000000080000000, 0x0000000100000000)
  region size 1024K, 55 young (56320K), 5 survivors (5120K)
 Metaspace       used 95502K, committed 96192K, reserved 1138688K
  class space    used 13012K, committed 13312K, reserved 1048576K
}
Event: 17.274 GC heap after
{Heap after GC invocations=33 (full 0):
 garbage-first heap   total 181248K, used 96264K [0x0000000080000000, 0x0000000100000000)
  region size 1024K, 5 young (5120K), 5 survivors (5120K)
 Metaspace       used 95502K, committed 96192K, reserved 1138688K
  class space    used 13012K, committed 13312K, reserved 1048576K
}
Event: 18.030 GC heap before
{Heap before GC invocations=34 (full 0):
 garbage-first heap   total 194560K, used 145416K [0x0000000080000000, 0x0000000100000000)
  region size 1024K, 54 young (55296K), 5 survivors (5120K)
 Metaspace       used 95858K, committed 96576K, reserved 1138688K
  class space    used 13047K, committed 13376K, reserved 1048576K
}
Event: 18.044 GC heap after
{Heap after GC invocations=35 (full 0):
 garbage-first heap   total 194560K, used 99901K [0x0000000080000000, 0x0000000100000000)
  region size 1024K, 4 young (4096K), 4 survivors (4096K)
 Metaspace       used 95858K, committed 96576K, reserved 1138688K
  class space    used 13047K, committed 13376K, reserved 1048576K
}
Event: 18.138 GC heap before
{Heap before GC invocations=35 (full 0):
 garbage-first heap   total 194560K, used 103997K [0x0000000080000000, 0x0000000100000000)
  region size 1024K, 9 young (9216K), 4 survivors (4096K)
 Metaspace       used 96077K, committed 96768K, reserved 1138688K
  class space    used 13094K, committed 13440K, reserved 1048576K
}
Event: 18.147 GC heap after
{Heap after GC invocations=36 (full 0):
 garbage-first heap   total 233472K, used 100034K [0x0000000080000000, 0x0000000100000000)
  region size 1024K, 1 young (1024K), 1 survivors (1024K)
 Metaspace       used 96077K, committed 96768K, reserved 1138688K
  class space    used 13094K, committed 13440K, reserved 1048576K
}
Event: 19.581 GC heap before
{Heap before GC invocations=36 (full 0):
 garbage-first heap   total 233472K, used 185026K [0x0000000080000000, 0x0000000100000000)
  region size 1024K, 85 young (87040K), 1 survivors (1024K)
 Metaspace       used 99849K, committed 100544K, reserved 1138688K
  class space    used 13593K, committed 13952K, reserved 1048576K
}
Event: 19.597 GC heap after
{Heap after GC invocations=37 (full 0):
 garbage-first heap   total 233472K, used 105946K [0x0000000080000000, 0x0000000100000000)
  region size 1024K, 7 young (7168K), 7 survivors (7168K)
 Metaspace       used 99849K, committed 100544K, reserved 1138688K
  class space    used 13593K, committed 13952K, reserved 1048576K
}
Event: 20.354 GC heap before
{Heap before GC invocations=37 (full 0):
 garbage-first heap   total 233472K, used 132570K [0x0000000080000000, 0x0000000100000000)
  region size 1024K, 31 young (31744K), 7 survivors (7168K)
 Metaspace       used 101361K, committed 102080K, reserved 1138688K
  class space    used 13745K, committed 14080K, reserved 1048576K
}
Event: 20.371 GC heap after
{Heap after GC invocations=38 (full 0):
 garbage-first heap   total 233472K, used 111726K [0x0000000080000000, 0x0000000100000000)
  region size 1024K, 3 young (3072K), 3 survivors (3072K)
 Metaspace       used 101361K, committed 102080K, reserved 1138688K
  class space    used 13745K, committed 14080K, reserved 1048576K
}
Event: 21.574 GC heap before
{Heap before GC invocations=39 (full 0):
 garbage-first heap   total 239616K, used 229486K [0x0000000080000000, 0x0000000100000000)
  region size 1024K, 42 young (43008K), 3 survivors (3072K)
 Metaspace       used 104463K, committed 105152K, reserved 1146880K
  class space    used 14190K, committed 14528K, reserved 1048576K
}
Event: 21.592 GC heap after
{Heap after GC invocations=40 (full 0):
 garbage-first heap   total 248832K, used 171507K [0x0000000080000000, 0x0000000100000000)
  region size 1024K, 10 young (10240K), 10 survivors (10240K)
 Metaspace       used 104463K, committed 105152K, reserved 1146880K
  class space    used 14190K, committed 14528K, reserved 1048576K
}
Event: 21.902 GC heap before
{Heap before GC invocations=40 (full 0):
 garbage-first heap   total 248832K, used 179699K [0x0000000080000000, 0x0000000100000000)
  region size 1024K, 12 young (12288K), 10 survivors (10240K)
 Metaspace       used 104699K, committed 105408K, reserved 1146880K
  class space    used 14229K, committed 14592K, reserved 1048576K
}
Event: 21.916 GC heap after
{Heap after GC invocations=41 (full 0):
 garbage-first heap   total 248832K, used 170379K [0x0000000080000000, 0x0000000100000000)
  region size 1024K, 1 young (1024K), 1 survivors (1024K)
 Metaspace       used 104699K, committed 105408K, reserved 1146880K
  class space    used 14229K, committed 14592K, reserved 1048576K
}
Event: 23.021 GC heap before
{Heap before GC invocations=41 (full 0):
 garbage-first heap   total 248832K, used 205195K [0x0000000080000000, 0x0000000100000000)
  region size 1024K, 36 young (36864K), 1 survivors (1024K)
 Metaspace       used 104807K, committed 105536K, reserved 1146880K
  class space    used 14236K, committed 14592K, reserved 1048576K
}
Event: 23.044 GC heap after
{Heap after GC invocations=42 (full 0):
 garbage-first heap   total 248832K, used 184265K [0x0000000080000000, 0x0000000100000000)
  region size 1024K, 5 young (5120K), 5 survivors (5120K)
 Metaspace       used 104807K, committed 105536K, reserved 1146880K
  class space    used 14236K, committed 14592K, reserved 1048576K
}
Event: 23.848 GC heap before
{Heap before GC invocations=43 (full 0):
 garbage-first heap   total 311296K, used 204745K [0x0000000080000000, 0x0000000100000000)
  region size 1024K, 24 young (24576K), 5 survivors (5120K)
 Metaspace       used 104807K, committed 105536K, reserved 1146880K
  class space    used 14236K, committed 14592K, reserved 1048576K
}
Event: 23.877 GC heap after
{Heap after GC invocations=44 (full 0):
 garbage-first heap   total 311296K, used 193878K [0x0000000080000000, 0x0000000100000000)
  region size 1024K, 3 young (3072K), 3 survivors (3072K)
 Metaspace       used 104807K, committed 105536K, reserved 1146880K
  class space    used 14236K, committed 14592K, reserved 1048576K
}
Event: 23.985 GC heap before
{Heap before GC invocations=44 (full 0):
 garbage-first heap   total 311296K, used 205142K [0x0000000080000000, 0x0000000100000000)
  region size 1024K, 15 young (15360K), 3 survivors (3072K)
 Metaspace       used 104807K, committed 105536K, reserved 1146880K
  class space    used 14236K, committed 14592K, reserved 1048576K
}
Event: 24.009 GC heap after
{Heap after GC invocations=45 (full 0):
 garbage-first heap   total 509952K, used 199074K [0x0000000080000000, 0x0000000100000000)
  region size 1024K, 2 young (2048K), 2 survivors (2048K)
 Metaspace       used 104807K, committed 105536K, reserved 1146880K
  class space    used 14236K, committed 14592K, reserved 1048576K
}

