# JRE version: OpenJDK Runtime Environment (17.0.6) (build 17.0.6+0-b2043.56-10027231)
# Java VM: OpenJDK 64-Bit Server VM (17.0.6+0-b2043.56-10027231, mixed mode, tiered, compressed oops, compressed class ptrs, g1 gc, windows-amd64)
GC Precious Log:
 CPUs: 4 total, 4 available
 Memory: 8076M
 Large Page Support: Disabled
 NUMA Support: Disabled
 Compressed Oops: Enabled (32-bit)
 Heap Region Size: 1M
 Heap Min Capacity: 8M
 Heap Initial Capacity: 128M
 Heap Max Capacity: 2020M
 Pre-touch: Disabled
 Parallel Workers: 4
 Concurrent Workers: 1
 Concurrent Refinement Workers: 4
 Periodic GC: Disabled
Heap:
 garbage-first heap   total 185344K, used 77309K [0x0000000081c00000, 0x0000000100000000)
  region size 1024K, 29 young (29696K), 1 survivors (1024K)
 Metaspace       used 57946K, committed 58240K, reserved 1105920K
  class space    used 6784K, committed 6912K, reserved 1048576K
GC Heap History (20 events):
Event: 6.376 GC heap before
{Heap before GC invocations=18 (full 0):
 garbage-first heap   total 61440K, used 46033K [0x0000000081c00000, 0x0000000100000000)
  region size 1024K, 13 young (13312K), 1 survivors (1024K)
 Metaspace       used 49569K, committed 49792K, reserved 1097728K
  class space    used 5984K, committed 6080K, reserved 1048576K
}
Event: 6.385 GC heap after
{Heap after GC invocations=19 (full 0):
 garbage-first heap   total 61440K, used 36184K [0x0000000081c00000, 0x0000000100000000)
  region size 1024K, 2 young (2048K), 2 survivors (2048K)
 Metaspace       used 49569K, committed 49792K, reserved 1097728K
  class space    used 5984K, committed 6080K, reserved 1048576K
}
Event: 6.601 GC heap before
{Heap before GC invocations=19 (full 0):
 garbage-first heap   total 61440K, used 46424K [0x0000000081c00000, 0x0000000100000000)
  region size 1024K, 13 young (13312K), 2 survivors (2048K)
 Metaspace       used 51511K, committed 51840K, reserved 1097728K
  class space    used 6193K, committed 6336K, reserved 1048576K
}
Event: 6.610 GC heap after
{Heap after GC invocations=20 (full 0):
 garbage-first heap   total 77824K, used 38131K [0x0000000081c00000, 0x0000000100000000)
  region size 1024K, 2 young (2048K), 2 survivors (2048K)
 Metaspace       used 51511K, committed 51840K, reserved 1097728K
  class space    used 6193K, committed 6336K, reserved 1048576K
}
Event: 6.858 GC heap before
{Heap before GC invocations=21 (full 0):
 garbage-first heap   total 77824K, used 58611K [0x0000000081c00000, 0x0000000100000000)
  region size 1024K, 21 young (21504K), 2 survivors (2048K)
 Metaspace       used 51707K, committed 51968K, reserved 1097728K
  class space    used 6195K, committed 6336K, reserved 1048576K
}
Event: 6.872 GC heap after
{Heap after GC invocations=22 (full 0):
 garbage-first heap   total 77824K, used 42368K [0x0000000081c00000, 0x0000000100000000)
  region size 1024K, 3 young (3072K), 3 survivors (3072K)
 Metaspace       used 51707K, committed 51968K, reserved 1097728K
  class space    used 6195K, committed 6336K, reserved 1048576K
}
Event: 6.884 GC heap before
{Heap before GC invocations=22 (full 0):
 garbage-first heap   total 77824K, used 43392K [0x0000000081c00000, 0x0000000100000000)
  region size 1024K, 4 young (4096K), 3 survivors (3072K)
 Metaspace       used 51715K, committed 51968K, reserved 1097728K
  class space    used 6195K, committed 6336K, reserved 1048576K
}
Event: 6.894 GC heap after
{Heap after GC invocations=23 (full 0):
 garbage-first heap   total 77824K, used 42992K [0x0000000081c00000, 0x0000000100000000)
  region size 1024K, 1 young (1024K), 1 survivors (1024K)
 Metaspace       used 51715K, committed 51968K, reserved 1097728K
  class space    used 6195K, committed 6336K, reserved 1048576K
}
Event: 6.987 GC heap before
{Heap before GC invocations=23 (full 0):
 garbage-first heap   total 77824K, used 57328K [0x0000000081c00000, 0x0000000100000000)
  region size 1024K, 16 young (16384K), 1 survivors (1024K)
 Metaspace       used 51768K, committed 52032K, reserved 1097728K
  class space    used 6195K, committed 6336K, reserved 1048576K
}
Event: 6.992 GC heap after
{Heap after GC invocations=24 (full 0):
 garbage-first heap   total 77824K, used 43602K [0x0000000081c00000, 0x0000000100000000)
  region size 1024K, 2 young (2048K), 2 survivors (2048K)
 Metaspace       used 51768K, committed 52032K, reserved 1097728K
  class space    used 6195K, committed 6336K, reserved 1048576K
}
Event: 9.109 GC heap before
{Heap before GC invocations=25 (full 0):
 garbage-first heap   total 77824K, used 58962K [0x0000000081c00000, 0x0000000100000000)
  region size 1024K, 18 young (18432K), 2 survivors (2048K)
 Metaspace       used 54384K, committed 54656K, reserved 1097728K
  class space    used 6477K, committed 6592K, reserved 1048576K
}
Event: 9.120 GC heap after
{Heap after GC invocations=26 (full 0):
 garbage-first heap   total 77824K, used 45413K [0x0000000081c00000, 0x0000000100000000)
  region size 1024K, 3 young (3072K), 3 survivors (3072K)
 Metaspace       used 54384K, committed 54656K, reserved 1097728K
  class space    used 6477K, committed 6592K, reserved 1048576K
}
Event: 9.200 GC heap before
{Heap before GC invocations=26 (full 0):
 garbage-first heap   total 77824K, used 46437K [0x0000000081c00000, 0x0000000100000000)
  region size 1024K, 4 young (4096K), 3 survivors (3072K)
 Metaspace       used 54517K, committed 54784K, reserved 1097728K
  class space    used 6491K, committed 6592K, reserved 1048576K
}
Event: 9.209 GC heap after
{Heap after GC invocations=27 (full 0):
 garbage-first heap   total 77824K, used 43681K [0x0000000081c00000, 0x0000000100000000)
  region size 1024K, 1 young (1024K), 1 survivors (1024K)
 Metaspace       used 54517K, committed 54784K, reserved 1097728K
  class space    used 6491K, committed 6592K, reserved 1048576K
}
Event: 10.545 GC heap before
{Heap before GC invocations=27 (full 0):
 garbage-first heap   total 77824K, used 60065K [0x0000000081c00000, 0x0000000100000000)
  region size 1024K, 17 young (17408K), 1 survivors (1024K)
 Metaspace       used 55330K, committed 55616K, reserved 1105920K
  class space    used 6508K, committed 6656K, reserved 1048576K
}
Event: 10.557 GC heap after
{Heap after GC invocations=28 (full 0):
 garbage-first heap   total 77824K, used 46694K [0x0000000081c00000, 0x0000000100000000)
  region size 1024K, 3 young (3072K), 3 survivors (3072K)
 Metaspace       used 55330K, committed 55616K, reserved 1105920K
  class space    used 6508K, committed 6656K, reserved 1048576K
}
Event: 11.298 GC heap before
{Heap before GC invocations=29 (full 0):
 garbage-first heap   total 81920K, used 62054K [0x0000000081c00000, 0x0000000100000000)
  region size 1024K, 18 young (18432K), 3 survivors (3072K)
 Metaspace       used 55757K, committed 56000K, reserved 1105920K
  class space    used 6543K, committed 6656K, reserved 1048576K
}
Event: 11.313 GC heap after
{Heap after GC invocations=30 (full 0):
 garbage-first heap   total 81920K, used 49742K [0x0000000081c00000, 0x0000000100000000)
  region size 1024K, 3 young (3072K), 3 survivors (3072K)
 Metaspace       used 55757K, committed 56000K, reserved 1105920K
  class space    used 6543K, committed 6656K, reserved 1048576K
}
Event: 11.325 GC heap before
{Heap before GC invocations=30 (full 0):
 garbage-first heap   total 81920K, used 50766K [0x0000000081c00000, 0x0000000100000000)
  region size 1024K, 4 young (4096K), 3 survivors (3072K)
 Metaspace       used 55814K, committed 56064K, reserved 1105920K
  class space    used 6549K, committed 6656K, reserved 1048576K
}
Event: 11.336 GC heap after
{Heap after GC invocations=31 (full 0):
 garbage-first heap   total 185344K, used 49661K [0x0000000081c00000, 0x0000000100000000)
  region size 1024K, 1 young (1024K), 1 survivors (1024K)
 Metaspace       used 55814K, committed 56064K, reserved 1105920K
  class space    used 6549K, committed 6656K, reserved 1048576K
}

