# JRE version: OpenJDK Runtime Environment (17.0.6) (build 17.0.6+0-b2043.56-10027231)
# Java VM: OpenJDK 64-Bit Server VM (17.0.6+0-b2043.56-10027231, mixed mode, tiered, compressed oops, compressed class ptrs, g1 gc, windows-amd64)
GC Precious Log:
 CPUs: 4 total, 4 available
 Memory: 8076M
 Large Page Support: Disabled
 NUMA Support: Disabled
 Compressed Oops: Enabled (32-bit)
 Heap Region Size: 1M
 Heap Min Capacity: 8M
 Heap Initial Capacity: 128M
 Heap Max Capacity: 2G
 Pre-touch: Disabled
 Parallel Workers: 4
 Concurrent Workers: 1
 Concurrent Refinement Workers: 4
 Periodic GC: Disabled
Heap:
 garbage-first heap   total 354304K, used 154844K [0x0000000080000000, 0x0000000100000000)
  region size 1024K, 13 young (13312K), 13 survivors (13312K)
 Metaspace       used 117216K, committed 117952K, reserved 1155072K
  class space    used 16007K, committed 16384K, reserved 1048576K
GC Heap History (20 events):
Event: 25.332 GC heap after
{Heap after GC invocations=38 (full 0):
 garbage-first heap   total 354304K, used 115131K [0x0000000080000000, 0x0000000100000000)
  region size 1024K, 2 young (2048K), 2 survivors (2048K)
 Metaspace       used 115255K, committed 116032K, reserved 1155072K
  class space    used 15805K, committed 16192K, reserved 1048576K
}
Event: 26.567 GC heap before
{Heap before GC invocations=38 (full 0):
 garbage-first heap   total 354304K, used 258491K [0x0000000080000000, 0x0000000100000000)
  region size 1024K, 142 young (145408K), 2 survivors (2048K)
 Metaspace       used 116161K, committed 116928K, reserved 1155072K
  class space    used 15892K, committed 16256K, reserved 1048576K
}
Event: 26.576 GC heap after
{Heap after GC invocations=39 (full 0):
 garbage-first heap   total 354304K, used 114297K [0x0000000080000000, 0x0000000100000000)
  region size 1024K, 2 young (2048K), 2 survivors (2048K)
 Metaspace       used 116161K, committed 116928K, reserved 1155072K
  class space    used 15892K, committed 16256K, reserved 1048576K
}
Event: 27.454 GC heap before
{Heap before GC invocations=39 (full 0):
 garbage-first heap   total 354304K, used 275065K [0x0000000080000000, 0x0000000100000000)
  region size 1024K, 159 young (162816K), 2 survivors (2048K)
 Metaspace       used 116281K, committed 116992K, reserved 1155072K
  class space    used 15902K, committed 16256K, reserved 1048576K
}
Event: 27.461 GC heap after
{Heap after GC invocations=40 (full 0):
 garbage-first heap   total 354304K, used 115650K [0x0000000080000000, 0x0000000100000000)
  region size 1024K, 3 young (3072K), 3 survivors (3072K)
 Metaspace       used 116281K, committed 116992K, reserved 1155072K
  class space    used 15902K, committed 16256K, reserved 1048576K
}
Event: 28.339 GC heap before
{Heap before GC invocations=40 (full 0):
 garbage-first heap   total 354304K, used 286658K [0x0000000080000000, 0x0000000100000000)
  region size 1024K, 170 young (174080K), 3 survivors (3072K)
 Metaspace       used 116375K, committed 117056K, reserved 1155072K
  class space    used 15910K, committed 16256K, reserved 1048576K
}
Event: 28.348 GC heap after
{Heap after GC invocations=41 (full 0):
 garbage-first heap   total 354304K, used 115706K [0x0000000080000000, 0x0000000100000000)
  region size 1024K, 3 young (3072K), 3 survivors (3072K)
 Metaspace       used 116375K, committed 117056K, reserved 1155072K
  class space    used 15910K, committed 16256K, reserved 1048576K
}
Event: 29.679 GC heap before
{Heap before GC invocations=42 (full 0):
 garbage-first heap   total 354304K, used 290810K [0x0000000080000000, 0x0000000100000000)
  region size 1024K, 175 young (179200K), 3 survivors (3072K)
 Metaspace       used 116916K, committed 117568K, reserved 1155072K
  class space    used 15987K, committed 16320K, reserved 1048576K
}
Event: 29.692 GC heap after
{Heap after GC invocations=43 (full 0):
 garbage-first heap   total 354304K, used 118986K [0x0000000080000000, 0x0000000100000000)
  region size 1024K, 6 young (6144K), 6 survivors (6144K)
 Metaspace       used 116916K, committed 117568K, reserved 1155072K
  class space    used 15987K, committed 16320K, reserved 1048576K
}
Event: 29.785 GC heap before
{Heap before GC invocations=43 (full 0):
 garbage-first heap   total 354304K, used 130250K [0x0000000080000000, 0x0000000100000000)
  region size 1024K, 17 young (17408K), 6 survivors (6144K)
 Metaspace       used 116933K, committed 117568K, reserved 1155072K
  class space    used 15987K, committed 16320K, reserved 1048576K
}
Event: 29.802 GC heap after
{Heap after GC invocations=44 (full 0):
 garbage-first heap   total 354304K, used 119400K [0x0000000080000000, 0x0000000100000000)
  region size 1024K, 2 young (2048K), 2 survivors (2048K)
 Metaspace       used 116933K, committed 117568K, reserved 1155072K
  class space    used 15987K, committed 16320K, reserved 1048576K
}
Event: 30.883 GC heap before
{Heap before GC invocations=44 (full 0):
 garbage-first heap   total 354304K, used 293480K [0x0000000080000000, 0x0000000100000000)
  region size 1024K, 173 young (177152K), 2 survivors (2048K)
 Metaspace       used 117101K, committed 117888K, reserved 1155072K
  class space    used 16004K, committed 16384K, reserved 1048576K
}
Event: 30.892 GC heap after
{Heap after GC invocations=45 (full 0):
 garbage-first heap   total 354304K, used 126089K [0x0000000080000000, 0x0000000100000000)
  region size 1024K, 8 young (8192K), 8 survivors (8192K)
 Metaspace       used 117101K, committed 117888K, reserved 1155072K
  class space    used 16004K, committed 16384K, reserved 1048576K
}
Event: 31.107 GC heap before
{Heap before GC invocations=45 (full 0):
 garbage-first heap   total 354304K, used 172169K [0x0000000080000000, 0x0000000100000000)
  region size 1024K, 54 young (55296K), 8 survivors (8192K)
 Metaspace       used 117144K, committed 117888K, reserved 1155072K
  class space    used 16004K, committed 16384K, reserved 1048576K
}
Event: 31.124 GC heap after
{Heap after GC invocations=46 (full 0):
 garbage-first heap   total 354304K, used 131497K [0x0000000080000000, 0x0000000100000000)
  region size 1024K, 14 young (14336K), 14 survivors (14336K)
 Metaspace       used 117144K, committed 117888K, reserved 1155072K
  class space    used 16004K, committed 16384K, reserved 1048576K
}
Event: 32.221 GC heap before
{Heap before GC invocations=47 (full 0):
 garbage-first heap   total 354304K, used 294313K [0x0000000080000000, 0x0000000100000000)
  region size 1024K, 173 young (177152K), 14 survivors (14336K)
 Metaspace       used 117206K, committed 117952K, reserved 1155072K
  class space    used 16007K, committed 16384K, reserved 1048576K
}
Event: 32.264 GC heap after
{Heap after GC invocations=48 (full 0):
 garbage-first heap   total 354304K, used 145424K [0x0000000080000000, 0x0000000100000000)
  region size 1024K, 20 young (20480K), 20 survivors (20480K)
 Metaspace       used 117206K, committed 117952K, reserved 1155072K
  class space    used 16007K, committed 16384K, reserved 1048576K
}
Event: 32.290 GC heap before
{Heap before GC invocations=48 (full 0):
 garbage-first heap   total 354304K, used 146448K [0x0000000080000000, 0x0000000100000000)
  region size 1024K, 21 young (21504K), 20 survivors (20480K)
 Metaspace       used 117206K, committed 117952K, reserved 1155072K
  class space    used 16007K, committed 16384K, reserved 1048576K
}
Event: 32.325 GC heap after
{Heap after GC invocations=49 (full 0):
 garbage-first heap   total 354304K, used 143662K [0x0000000080000000, 0x0000000100000000)
  region size 1024K, 2 young (2048K), 2 survivors (2048K)
 Metaspace       used 117206K, committed 117952K, reserved 1155072K
  class space    used 16007K, committed 16384K, reserved 1048576K
}
Event: 32.951 GC heap before
{Heap before GC invocations=49 (full 0):
 garbage-first heap   total 354304K, used 290094K [0x0000000080000000, 0x0000000100000000)
  region size 1024K, 145 young (148480K), 2 survivors (2048K)
 Metaspace       used 117216K, committed 117952K, reserved 1155072K
  class space    used 16007K, committed 16384K, reserved 1048576K
}

