# JRE version: OpenJDK Runtime Environment (17.0.6) (build 17.0.6+0-b2043.56-10027231)
# Java VM: OpenJDK 64-Bit Server VM (17.0.6+0-b2043.56-10027231, mixed mode, tiered, compressed oops, compressed class ptrs, g1 gc, windows-amd64)
GC Precious Log:
 CPUs: 4 total, 4 available
 Memory: 8076M
 Large Page Support: Disabled
 NUMA Support: Disabled
 Compressed Oops: Enabled (32-bit)
 Heap Region Size: 1M
 Heap Min Capacity: 8M
 Heap Initial Capacity: 128M
 Heap Max Capacity: 2G
 Pre-touch: Disabled
 Parallel Workers: 4
 Concurrent Workers: 1
 Concurrent Refinement Workers: 4
 Periodic GC: Disabled
Heap:
 garbage-first heap   total 219136K, used 145271K [0x0000000080000000, 0x0000000100000000)
  region size 1024K, 50 young (51200K), 1 survivors (1024K)
 Metaspace       used 106928K, committed 107648K, reserved 1146880K
  class space    used 14550K, committed 14912K, reserved 1048576K
GC Heap History (20 events):
Event: 11.231 GC heap before
{Heap before GC invocations=27 (full 0):
 garbage-first heap   total 147456K, used 103517K [0x0000000080000000, 0x0000000100000000)
  region size 1024K, 45 young (46080K), 1 survivors (1024K)
 Metaspace       used 69624K, committed 70208K, reserved 1114112K
  class space    used 9245K, committed 9536K, reserved 1048576K
}
Event: 11.241 GC heap after
{Heap after GC invocations=28 (full 0):
 garbage-first heap   total 147456K, used 61473K [0x0000000080000000, 0x0000000100000000)
  region size 1024K, 4 young (4096K), 4 survivors (4096K)
 Metaspace       used 69624K, committed 70208K, reserved 1114112K
  class space    used 9245K, committed 9536K, reserved 1048576K
}
Event: 12.157 GC heap before
{Heap before GC invocations=28 (full 0):
 garbage-first heap   total 147456K, used 107553K [0x0000000080000000, 0x0000000100000000)
  region size 1024K, 49 young (50176K), 4 survivors (4096K)
 Metaspace       used 75313K, committed 75968K, reserved 1122304K
  class space    used 9997K, committed 10304K, reserved 1048576K
}
Event: 12.167 GC heap after
{Heap after GC invocations=29 (full 0):
 garbage-first heap   total 147456K, used 64909K [0x0000000080000000, 0x0000000100000000)
  region size 1024K, 7 young (7168K), 7 survivors (7168K)
 Metaspace       used 75313K, committed 75968K, reserved 1122304K
  class space    used 9997K, committed 10304K, reserved 1048576K
}
Event: 12.944 GC heap before
{Heap before GC invocations=29 (full 0):
 garbage-first heap   total 147456K, used 112013K [0x0000000080000000, 0x0000000100000000)
  region size 1024K, 53 young (54272K), 7 survivors (7168K)
 Metaspace       used 78883K, committed 79488K, reserved 1122304K
  class space    used 10543K, committed 10816K, reserved 1048576K
}
Event: 12.957 GC heap after
{Heap after GC invocations=30 (full 0):
 garbage-first heap   total 147456K, used 67142K [0x0000000080000000, 0x0000000100000000)
  region size 1024K, 6 young (6144K), 6 survivors (6144K)
 Metaspace       used 78883K, committed 79488K, reserved 1122304K
  class space    used 10543K, committed 10816K, reserved 1048576K
}
Event: 13.983 GC heap before
{Heap before GC invocations=30 (full 0):
 garbage-first heap   total 147456K, used 114246K [0x0000000080000000, 0x0000000100000000)
  region size 1024K, 52 young (53248K), 6 survivors (6144K)
 Metaspace       used 84140K, committed 84736K, reserved 1122304K
  class space    used 11418K, committed 11712K, reserved 1048576K
}
Event: 13.997 GC heap after
{Heap after GC invocations=31 (full 0):
 garbage-first heap   total 182272K, used 71321K [0x0000000080000000, 0x0000000100000000)
  region size 1024K, 7 young (7168K), 7 survivors (7168K)
 Metaspace       used 84140K, committed 84736K, reserved 1122304K
  class space    used 11418K, committed 11712K, reserved 1048576K
}
Event: 15.533 GC heap before
{Heap before GC invocations=31 (full 0):
 garbage-first heap   total 182272K, used 138905K [0x0000000080000000, 0x0000000100000000)
  region size 1024K, 73 young (74752K), 7 survivors (7168K)
 Metaspace       used 91614K, committed 92288K, reserved 1130496K
  class space    used 12479K, committed 12800K, reserved 1048576K
}
Event: 15.550 GC heap after
{Heap after GC invocations=32 (full 0):
 garbage-first heap   total 182272K, used 76203K [0x0000000080000000, 0x0000000100000000)
  region size 1024K, 9 young (9216K), 9 survivors (9216K)
 Metaspace       used 91614K, committed 92288K, reserved 1130496K
  class space    used 12479K, committed 12800K, reserved 1048576K
}
Event: 16.378 GC heap before
{Heap before GC invocations=32 (full 0):
 garbage-first heap   total 182272K, used 141739K [0x0000000080000000, 0x0000000100000000)
  region size 1024K, 73 young (74752K), 9 survivors (9216K)
 Metaspace       used 93362K, committed 94016K, reserved 1130496K
  class space    used 12742K, committed 13056K, reserved 1048576K
}
Event: 16.407 GC heap after
{Heap after GC invocations=33 (full 0):
 garbage-first heap   total 182272K, used 85231K [0x0000000080000000, 0x0000000100000000)
  region size 1024K, 9 young (9216K), 9 survivors (9216K)
 Metaspace       used 93362K, committed 94016K, reserved 1130496K
  class space    used 12742K, committed 13056K, reserved 1048576K
}
Event: 17.672 GC heap before
{Heap before GC invocations=33 (full 0):
 garbage-first heap   total 182272K, used 142575K [0x0000000080000000, 0x0000000100000000)
  region size 1024K, 66 young (67584K), 9 survivors (9216K)
 Metaspace       used 95161K, committed 95808K, reserved 1138688K
  class space    used 12997K, committed 13312K, reserved 1048576K
}
Event: 17.694 GC heap after
{Heap after GC invocations=34 (full 0):
 garbage-first heap   total 182272K, used 90890K [0x0000000080000000, 0x0000000100000000)
  region size 1024K, 6 young (6144K), 6 survivors (6144K)
 Metaspace       used 95161K, committed 95808K, reserved 1138688K
  class space    used 12997K, committed 13312K, reserved 1048576K
}
Event: 17.976 GC heap before
{Heap before GC invocations=34 (full 0):
 garbage-first heap   total 182272K, used 103178K [0x0000000080000000, 0x0000000100000000)
  region size 1024K, 20 young (20480K), 6 survivors (6144K)
 Metaspace       used 95547K, committed 96256K, reserved 1138688K
  class space    used 13056K, committed 13376K, reserved 1048576K
}
Event: 17.988 GC heap after
{Heap after GC invocations=35 (full 0):
 garbage-first heap   total 182272K, used 92347K [0x0000000080000000, 0x0000000100000000)
  region size 1024K, 2 young (2048K), 2 survivors (2048K)
 Metaspace       used 95547K, committed 96256K, reserved 1138688K
  class space    used 13056K, committed 13376K, reserved 1048576K
}
Event: 19.554 GC heap before
{Heap before GC invocations=36 (full 0):
 garbage-first heap   total 182272K, used 148667K [0x0000000080000000, 0x0000000100000000)
  region size 1024K, 57 young (58368K), 2 survivors (2048K)
 Metaspace       used 99385K, committed 100096K, reserved 1138688K
  class space    used 13488K, committed 13824K, reserved 1048576K
}
Event: 19.570 GC heap after
{Heap after GC invocations=37 (full 0):
 garbage-first heap   total 182272K, used 96594K [0x0000000080000000, 0x0000000100000000)
  region size 1024K, 6 young (6144K), 6 survivors (6144K)
 Metaspace       used 99385K, committed 100096K, reserved 1138688K
  class space    used 13488K, committed 13824K, reserved 1048576K
}
Event: 19.608 GC heap before
{Heap before GC invocations=37 (full 0):
 garbage-first heap   total 182272K, used 97618K [0x0000000080000000, 0x0000000100000000)
  region size 1024K, 8 young (8192K), 6 survivors (6144K)
 Metaspace       used 99847K, committed 100544K, reserved 1138688K
  class space    used 13556K, committed 13888K, reserved 1048576K
}
Event: 19.640 GC heap after
{Heap after GC invocations=38 (full 0):
 garbage-first heap   total 219136K, used 97143K [0x0000000080000000, 0x0000000100000000)
  region size 1024K, 1 young (1024K), 1 survivors (1024K)
 Metaspace       used 99847K, committed 100544K, reserved 1138688K
  class space    used 13556K, committed 13888K, reserved 1048576K
}

