# JRE version: OpenJDK Runtime Environment (17.0.6) (build 17.0.6+0-b2043.56-10027231)
# Java VM: OpenJDK 64-Bit Server VM (17.0.6+0-b2043.56-10027231, mixed mode, tiered, compressed oops, compressed class ptrs, g1 gc, windows-amd64)
GC Precious Log:
 CPUs: 4 total, 4 available
 Memory: 8076M
 Large Page Support: Disabled
 NUMA Support: Disabled
 Compressed Oops: Enabled (32-bit)
 Heap Region Size: 1M
 Heap Min Capacity: 8M
 Heap Initial Capacity: 128M
 Heap Max Capacity: 2G
 Pre-touch: Disabled
 Parallel Workers: 4
 Concurrent Workers: 1
 Concurrent Refinement Workers: 4
 Periodic GC: Disabled
Heap:
 garbage-first heap   total 208896K, used 118985K [0x0000000080000000, 0x0000000100000000)
  region size 1024K, 16 young (16384K), 2 survivors (2048K)
 Metaspace       used 113658K, committed 114432K, reserved 1155072K
  class space    used 15105K, committed 15488K, reserved 1048576K
GC Heap History (20 events):
Event: 46.352 GC heap before
{Heap before GC invocations=39 (full 0):
 garbage-first heap   total 175104K, used 140205K [0x0000000080000000, 0x0000000100000000)
  region size 1024K, 45 young (46080K), 5 survivors (5120K)
 Metaspace       used 105568K, committed 106304K, reserved 1146880K
  class space    used 14007K, committed 14336K, reserved 1048576K
}
Event: 46.365 GC heap after
{Heap after GC invocations=40 (full 0):
 garbage-first heap   total 175104K, used 97680K [0x0000000080000000, 0x0000000100000000)
  region size 1024K, 1 young (1024K), 1 survivors (1024K)
 Metaspace       used 105568K, committed 106304K, reserved 1146880K
  class space    used 14007K, committed 14336K, reserved 1048576K
}
Event: 48.060 GC heap before
{Heap before GC invocations=40 (full 0):
 garbage-first heap   total 175104K, used 141712K [0x0000000080000000, 0x0000000100000000)
  region size 1024K, 45 young (46080K), 1 survivors (1024K)
 Metaspace       used 107551K, committed 108352K, reserved 1146880K
  class space    used 14245K, committed 14656K, reserved 1048576K
}
Event: 48.070 GC heap after
{Heap after GC invocations=41 (full 0):
 garbage-first heap   total 175104K, used 101070K [0x0000000080000000, 0x0000000100000000)
  region size 1024K, 5 young (5120K), 5 survivors (5120K)
 Metaspace       used 107551K, committed 108352K, reserved 1146880K
  class space    used 14245K, committed 14656K, reserved 1048576K
}
Event: 48.467 GC heap before
{Heap before GC invocations=41 (full 0):
 garbage-first heap   total 175104K, used 142030K [0x0000000080000000, 0x0000000100000000)
  region size 1024K, 46 young (47104K), 5 survivors (5120K)
 Metaspace       used 107627K, committed 108480K, reserved 1146880K
  class space    used 14245K, committed 14656K, reserved 1048576K
}
Event: 48.475 GC heap after
{Heap after GC invocations=42 (full 0):
 garbage-first heap   total 175104K, used 101746K [0x0000000080000000, 0x0000000100000000)
  region size 1024K, 1 young (1024K), 1 survivors (1024K)
 Metaspace       used 107627K, committed 108480K, reserved 1146880K
  class space    used 14245K, committed 14656K, reserved 1048576K
}
Event: 48.682 GC heap before
{Heap before GC invocations=42 (full 0):
 garbage-first heap   total 175104K, used 144754K [0x0000000080000000, 0x0000000100000000)
  region size 1024K, 44 young (45056K), 1 survivors (1024K)
 Metaspace       used 107637K, committed 108480K, reserved 1146880K
  class space    used 14245K, committed 14656K, reserved 1048576K
}
Event: 48.685 GC heap after
{Heap after GC invocations=43 (full 0):
 garbage-first heap   total 175104K, used 101575K [0x0000000080000000, 0x0000000100000000)
  region size 1024K, 1 young (1024K), 1 survivors (1024K)
 Metaspace       used 107637K, committed 108480K, reserved 1146880K
  class space    used 14245K, committed 14656K, reserved 1048576K
}
Event: 49.029 GC heap before
{Heap before GC invocations=43 (full 0):
 garbage-first heap   total 175104K, used 146631K [0x0000000080000000, 0x0000000100000000)
  region size 1024K, 46 young (47104K), 1 survivors (1024K)
 Metaspace       used 107644K, committed 108480K, reserved 1146880K
  class space    used 14246K, committed 14656K, reserved 1048576K
}
Event: 49.031 GC heap after
{Heap after GC invocations=44 (full 0):
 garbage-first heap   total 175104K, used 101361K [0x0000000080000000, 0x0000000100000000)
  region size 1024K, 1 young (1024K), 1 survivors (1024K)
 Metaspace       used 107644K, committed 108480K, reserved 1146880K
  class space    used 14246K, committed 14656K, reserved 1048576K
}
Event: 49.388 GC heap before
{Heap before GC invocations=44 (full 0):
 garbage-first heap   total 175104K, used 147441K [0x0000000080000000, 0x0000000100000000)
  region size 1024K, 47 young (48128K), 1 survivors (1024K)
 Metaspace       used 107677K, committed 108480K, reserved 1146880K
  class space    used 14249K, committed 14656K, reserved 1048576K
}
Event: 49.391 GC heap after
{Heap after GC invocations=45 (full 0):
 garbage-first heap   total 175104K, used 101273K [0x0000000080000000, 0x0000000100000000)
  region size 1024K, 1 young (1024K), 1 survivors (1024K)
 Metaspace       used 107677K, committed 108480K, reserved 1146880K
  class space    used 14249K, committed 14656K, reserved 1048576K
}
Event: 49.849 GC heap before
{Heap before GC invocations=45 (full 0):
 garbage-first heap   total 175104K, used 148377K [0x0000000080000000, 0x0000000100000000)
  region size 1024K, 48 young (49152K), 1 survivors (1024K)
 Metaspace       used 107685K, committed 108480K, reserved 1146880K
  class space    used 14249K, committed 14656K, reserved 1048576K
}
Event: 49.851 GC heap after
{Heap after GC invocations=46 (full 0):
 garbage-first heap   total 175104K, used 101819K [0x0000000080000000, 0x0000000100000000)
  region size 1024K, 1 young (1024K), 1 survivors (1024K)
 Metaspace       used 107685K, committed 108480K, reserved 1146880K
  class space    used 14249K, committed 14656K, reserved 1048576K
}
Event: 51.359 GC heap before
{Heap before GC invocations=46 (full 0):
 garbage-first heap   total 175104K, used 139707K [0x0000000080000000, 0x0000000100000000)
  region size 1024K, 40 young (40960K), 1 survivors (1024K)
 Metaspace       used 108302K, committed 109056K, reserved 1146880K
  class space    used 14331K, committed 14720K, reserved 1048576K
}
Event: 51.365 GC heap after
{Heap after GC invocations=47 (full 0):
 garbage-first heap   total 175104K, used 102792K [0x0000000080000000, 0x0000000100000000)
  region size 1024K, 2 young (2048K), 2 survivors (2048K)
 Metaspace       used 108302K, committed 109056K, reserved 1146880K
  class space    used 14331K, committed 14720K, reserved 1048576K
}
Event: 52.189 GC heap before
{Heap before GC invocations=48 (full 0):
 garbage-first heap   total 208896K, used 143752K [0x0000000080000000, 0x0000000100000000)
  region size 1024K, 46 young (47104K), 2 survivors (2048K)
 Metaspace       used 112671K, committed 113472K, reserved 1155072K
  class space    used 14952K, committed 15360K, reserved 1048576K
}
Event: 52.203 GC heap after
{Heap after GC invocations=49 (full 0):
 garbage-first heap   total 208896K, used 105794K [0x0000000080000000, 0x0000000100000000)
  region size 1024K, 6 young (6144K), 6 survivors (6144K)
 Metaspace       used 112671K, committed 113472K, reserved 1155072K
  class space    used 14952K, committed 15360K, reserved 1048576K
}
Event: 52.252 GC heap before
{Heap before GC invocations=49 (full 0):
 garbage-first heap   total 208896K, used 109890K [0x0000000080000000, 0x0000000100000000)
  region size 1024K, 10 young (10240K), 6 survivors (6144K)
 Metaspace       used 112749K, committed 113536K, reserved 1155072K
  class space    used 14964K, committed 15360K, reserved 1048576K
}
Event: 52.264 GC heap after
{Heap after GC invocations=50 (full 0):
 garbage-first heap   total 208896K, used 105673K [0x0000000080000000, 0x0000000100000000)
  region size 1024K, 2 young (2048K), 2 survivors (2048K)
 Metaspace       used 112749K, committed 113536K, reserved 1155072K
  class space    used 14964K, committed 15360K, reserved 1048576K
}

