# JRE version: OpenJDK Runtime Environment (17.0.6) (build 17.0.6+0-b2043.56-10027231)
# Java VM: OpenJDK 64-Bit Server VM (17.0.6+0-b2043.56-10027231, mixed mode, tiered, compressed oops, compressed class ptrs, g1 gc, windows-amd64)
GC Precious Log:
 CPUs: 4 total, 4 available
 Memory: 8076M
 Large Page Support: Disabled
 NUMA Support: Disabled
 Compressed Oops: Enabled (32-bit)
 Heap Region Size: 1M
 Heap Min Capacity: 8M
 Heap Initial Capacity: 128M
 Heap Max Capacity: 2G
 Pre-touch: Disabled
 Parallel Workers: 4
 Concurrent Workers: 1
 Concurrent Refinement Workers: 4
 Periodic GC: Disabled
Heap:
 garbage-first heap   total 372736K, used 236675K [0x0000000080000000, 0x0000000100000000)
  region size 1024K, 3 young (3072K), 3 survivors (3072K)
 Metaspace       used 107382K, committed 108096K, reserved 1146880K
  class space    used 14726K, committed 15040K, reserved 1048576K
GC Heap History (20 events):
Event: 15.001 GC heap after
{Heap after GC invocations=37 (full 0):
 garbage-first heap   total 150528K, used 82802K [0x0000000080000000, 0x0000000100000000)
  region size 1024K, 6 young (6144K), 6 survivors (6144K)
 Metaspace       used 92729K, committed 93376K, reserved 1130496K
  class space    used 12629K, committed 12928K, reserved 1048576K
}
Event: 15.879 GC heap before
{Heap before GC invocations=38 (full 0):
 garbage-first heap   total 165888K, used 117618K [0x0000000080000000, 0x0000000100000000)
  region size 1024K, 40 young (40960K), 6 survivors (6144K)
 Metaspace       used 94225K, committed 94912K, reserved 1138688K
  class space    used 12873K, committed 13184K, reserved 1048576K
}
Event: 15.900 GC heap after
{Heap after GC invocations=39 (full 0):
 garbage-first heap   total 165888K, used 88246K [0x0000000080000000, 0x0000000100000000)
  region size 1024K, 5 young (5120K), 5 survivors (5120K)
 Metaspace       used 94225K, committed 94912K, reserved 1138688K
  class space    used 12873K, committed 13184K, reserved 1048576K
}
Event: 15.987 GC heap before
{Heap before GC invocations=39 (full 0):
 garbage-first heap   total 165888K, used 91318K [0x0000000080000000, 0x0000000100000000)
  region size 1024K, 8 young (8192K), 5 survivors (5120K)
 Metaspace       used 94509K, committed 95232K, reserved 1138688K
  class space    used 12932K, committed 13248K, reserved 1048576K
}
Event: 16.013 GC heap after
{Heap after GC invocations=40 (full 0):
 garbage-first heap   total 322560K, used 88704K [0x0000000080000000, 0x0000000100000000)
  region size 1024K, 1 young (1024K), 1 survivors (1024K)
 Metaspace       used 94509K, committed 95232K, reserved 1138688K
  class space    used 12932K, committed 13248K, reserved 1048576K
}
Event: 18.267 GC heap before
{Heap before GC invocations=40 (full 0):
 garbage-first heap   total 322560K, used 240256K [0x0000000080000000, 0x0000000100000000)
  region size 1024K, 150 young (153600K), 1 survivors (1024K)
 Metaspace       used 96087K, committed 96832K, reserved 1138688K
  class space    used 13095K, committed 13440K, reserved 1048576K
}
Event: 18.288 GC heap after
{Heap after GC invocations=41 (full 0):
 garbage-first heap   total 322560K, used 98372K [0x0000000080000000, 0x0000000100000000)
  region size 1024K, 11 young (11264K), 11 survivors (11264K)
 Metaspace       used 96087K, committed 96832K, reserved 1138688K
  class space    used 13095K, committed 13440K, reserved 1048576K
}
Event: 21.218 GC heap before
{Heap before GC invocations=41 (full 0):
 garbage-first heap   total 322560K, used 289860K [0x0000000080000000, 0x0000000100000000)
  region size 1024K, 145 young (148480K), 11 survivors (11264K)
 Metaspace       used 104470K, committed 105216K, reserved 1146880K
  class space    used 14176K, committed 14528K, reserved 1048576K
}
Event: 21.252 GC heap after
{Heap after GC invocations=42 (full 0):
 garbage-first heap   total 322560K, used 152805K [0x0000000080000000, 0x0000000100000000)
  region size 1024K, 18 young (18432K), 18 survivors (18432K)
 Metaspace       used 104470K, committed 105216K, reserved 1146880K
  class space    used 14176K, committed 14528K, reserved 1048576K
}
Event: 21.259 GC heap before
{Heap before GC invocations=42 (full 0):
 garbage-first heap   total 322560K, used 168165K [0x0000000080000000, 0x0000000100000000)
  region size 1024K, 26 young (26624K), 18 survivors (18432K)
 Metaspace       used 104473K, committed 105216K, reserved 1146880K
  class space    used 14176K, committed 14528K, reserved 1048576K
}
Event: 21.273 GC heap after
{Heap after GC invocations=43 (full 0):
 garbage-first heap   total 322560K, used 161870K [0x0000000080000000, 0x0000000100000000)
  region size 1024K, 5 young (5120K), 5 survivors (5120K)
 Metaspace       used 104473K, committed 105216K, reserved 1146880K
  class space    used 14176K, committed 14528K, reserved 1048576K
}
Event: 23.370 GC heap before
{Heap before GC invocations=44 (full 0):
 garbage-first heap   total 322560K, used 270414K [0x0000000080000000, 0x0000000100000000)
  region size 1024K, 84 young (86016K), 5 survivors (5120K)
 Metaspace       used 104754K, committed 105536K, reserved 1146880K
  class space    used 14222K, committed 14592K, reserved 1048576K
}
Event: 23.442 GC heap after
{Heap after GC invocations=45 (full 0):
 garbage-first heap   total 322560K, used 204387K [0x0000000080000000, 0x0000000100000000)
  region size 1024K, 11 young (11264K), 11 survivors (11264K)
 Metaspace       used 104754K, committed 105536K, reserved 1146880K
  class space    used 14222K, committed 14592K, reserved 1048576K
}
Event: 23.479 GC heap before
{Heap before GC invocations=45 (full 0):
 garbage-first heap   total 322560K, used 208483K [0x0000000080000000, 0x0000000100000000)
  region size 1024K, 15 young (15360K), 11 survivors (11264K)
 Metaspace       used 104771K, committed 105536K, reserved 1146880K
  class space    used 14223K, committed 14592K, reserved 1048576K
}
Event: 23.536 GC heap after
{Heap after GC invocations=46 (full 0):
 garbage-first heap   total 322560K, used 206979K [0x0000000080000000, 0x0000000100000000)
  region size 1024K, 2 young (2048K), 2 survivors (2048K)
 Metaspace       used 104771K, committed 105536K, reserved 1146880K
  class space    used 14223K, committed 14592K, reserved 1048576K
}
Event: 23.605 GC heap before
{Heap before GC invocations=46 (full 0):
 garbage-first heap   total 322560K, used 217219K [0x0000000080000000, 0x0000000100000000)
  region size 1024K, 13 young (13312K), 2 survivors (2048K)
 Metaspace       used 104771K, committed 105536K, reserved 1146880K
  class space    used 14223K, committed 14592K, reserved 1048576K
}
Event: 23.623 GC heap after
{Heap after GC invocations=47 (full 0):
 garbage-first heap   total 322560K, used 210589K [0x0000000080000000, 0x0000000100000000)
  region size 1024K, 6 young (6144K), 6 survivors (6144K)
 Metaspace       used 104771K, committed 105536K, reserved 1146880K
  class space    used 14223K, committed 14592K, reserved 1048576K
}
Event: 24.680 GC heap before
{Heap before GC invocations=48 (full 0):
 garbage-first heap   total 372736K, used 253597K [0x0000000080000000, 0x0000000100000000)
  region size 1024K, 48 young (49152K), 6 survivors (6144K)
 Metaspace       used 107379K, committed 108096K, reserved 1146880K
  class space    used 14726K, committed 15040K, reserved 1048576K
}
Event: 24.730 GC heap after
{Heap after GC invocations=49 (full 0):
 garbage-first heap   total 372736K, used 230808K [0x0000000080000000, 0x0000000100000000)
  region size 1024K, 6 young (6144K), 6 survivors (6144K)
 Metaspace       used 107379K, committed 108096K, reserved 1146880K
  class space    used 14726K, committed 15040K, reserved 1048576K
}
Event: 24.814 GC heap before
{Heap before GC invocations=49 (full 0):
 garbage-first heap   total 372736K, used 243096K [0x0000000080000000, 0x0000000100000000)
  region size 1024K, 18 young (18432K), 6 survivors (6144K)
 Metaspace       used 107382K, committed 108096K, reserved 1146880K
  class space    used 14726K, committed 15040K, reserved 1048576K
}

