# JRE version: OpenJDK Runtime Environment (17.0.6) (build 17.0.6+0-b2043.56-10027231)
# Java VM: OpenJDK 64-Bit Server VM (17.0.6+0-b2043.56-10027231, mixed mode, tiered, compressed oops, compressed class ptrs, g1 gc, windows-amd64)
GC Precious Log:
 CPUs: 4 total, 4 available
 Memory: 8076M
 Large Page Support: Disabled
 NUMA Support: Disabled
 Compressed Oops: Enabled (32-bit)
 Heap Region Size: 1M
 Heap Min Capacity: 8M
 Heap Initial Capacity: 128M
 Heap Max Capacity: 2G
 Pre-touch: Disabled
 Parallel Workers: 4
 Concurrent Workers: 1
 Concurrent Refinement Workers: 4
 Periodic GC: Disabled
Heap:
 garbage-first heap   total 184320K, used 134517K [0x0000000080000000, 0x0000000100000000)
  region size 1024K, 46 young (47104K), 8 survivors (8192K)
 Metaspace       used 101041K, committed 101824K, reserved 1138688K
  class space    used 13759K, committed 14144K, reserved 1048576K
GC Heap History (20 events):
Event: 13.799 GC heap before
{Heap before GC invocations=26 (full 0):
 garbage-first heap   total 121856K, used 60007K [0x0000000080000000, 0x0000000100000000)
  region size 1024K, 5 young (5120K), 3 survivors (3072K)
 Metaspace       used 65420K, committed 65920K, reserved 1114112K
  class space    used 8688K, committed 8896K, reserved 1048576K
}
Event: 13.806 GC heap after
{Heap after GC invocations=27 (full 0):
 garbage-first heap   total 121856K, used 58062K [0x0000000080000000, 0x0000000100000000)
  region size 1024K, 1 young (1024K), 1 survivors (1024K)
 Metaspace       used 65420K, committed 65920K, reserved 1114112K
  class space    used 8688K, committed 8896K, reserved 1048576K
}
Event: 14.800 GC heap before
{Heap before GC invocations=27 (full 0):
 garbage-first heap   total 121856K, used 90830K [0x0000000080000000, 0x0000000100000000)
  region size 1024K, 33 young (33792K), 1 survivors (1024K)
 Metaspace       used 68618K, committed 69248K, reserved 1114112K
  class space    used 9089K, committed 9408K, reserved 1048576K
}
Event: 14.807 GC heap after
{Heap after GC invocations=28 (full 0):
 garbage-first heap   total 121856K, used 60301K [0x0000000080000000, 0x0000000100000000)
  region size 1024K, 3 young (3072K), 3 survivors (3072K)
 Metaspace       used 68618K, committed 69248K, reserved 1114112K
  class space    used 9089K, committed 9408K, reserved 1048576K
}
Event: 15.761 GC heap before
{Heap before GC invocations=29 (full 0):
 garbage-first heap   total 121856K, used 93069K [0x0000000080000000, 0x0000000100000000)
  region size 1024K, 35 young (35840K), 3 survivors (3072K)
 Metaspace       used 72061K, committed 72640K, reserved 1114112K
  class space    used 9568K, committed 9856K, reserved 1048576K
}
Event: 15.771 GC heap after
{Heap after GC invocations=30 (full 0):
 garbage-first heap   total 121856K, used 62413K [0x0000000080000000, 0x0000000100000000)
  region size 1024K, 5 young (5120K), 5 survivors (5120K)
 Metaspace       used 72061K, committed 72640K, reserved 1114112K
  class space    used 9568K, committed 9856K, reserved 1048576K
}
Event: 15.795 GC heap before
{Heap before GC invocations=30 (full 0):
 garbage-first heap   total 121856K, used 63437K [0x0000000080000000, 0x0000000100000000)
  region size 1024K, 6 young (6144K), 5 survivors (5120K)
 Metaspace       used 72181K, committed 72704K, reserved 1114112K
  class space    used 9586K, committed 9856K, reserved 1048576K
}
Event: 15.806 GC heap after
{Heap after GC invocations=31 (full 0):
 garbage-first heap   total 184320K, used 62756K [0x0000000080000000, 0x0000000100000000)
  region size 1024K, 1 young (1024K), 1 survivors (1024K)
 Metaspace       used 72181K, committed 72704K, reserved 1114112K
  class space    used 9586K, committed 9856K, reserved 1048576K
}
Event: 17.316 GC heap before
{Heap before GC invocations=31 (full 0):
 garbage-first heap   total 184320K, used 132388K [0x0000000080000000, 0x0000000100000000)
  region size 1024K, 69 young (70656K), 1 survivors (1024K)
 Metaspace       used 78925K, committed 79552K, reserved 1122304K
  class space    used 10535K, committed 10816K, reserved 1048576K
}
Event: 17.324 GC heap after
{Heap after GC invocations=32 (full 0):
 garbage-first heap   total 184320K, used 66178K [0x0000000080000000, 0x0000000100000000)
  region size 1024K, 5 young (5120K), 5 survivors (5120K)
 Metaspace       used 78925K, committed 79552K, reserved 1122304K
  class space    used 10535K, committed 10816K, reserved 1048576K
}
Event: 19.277 GC heap before
{Heap before GC invocations=32 (full 0):
 garbage-first heap   total 184320K, used 138882K [0x0000000080000000, 0x0000000100000000)
  region size 1024K, 76 young (77824K), 5 survivors (5120K)
 Metaspace       used 86503K, committed 87104K, reserved 1130496K
  class space    used 11740K, committed 12032K, reserved 1048576K
}
Event: 19.296 GC heap after
{Heap after GC invocations=33 (full 0):
 garbage-first heap   total 184320K, used 71688K [0x0000000080000000, 0x0000000100000000)
  region size 1024K, 10 young (10240K), 10 survivors (10240K)
 Metaspace       used 86503K, committed 87104K, reserved 1130496K
  class space    used 11740K, committed 12032K, reserved 1048576K
}
Event: 20.860 GC heap before
{Heap before GC invocations=33 (full 0):
 garbage-first heap   total 184320K, used 142344K [0x0000000080000000, 0x0000000100000000)
  region size 1024K, 79 young (80896K), 10 survivors (10240K)
 Metaspace       used 92769K, committed 93440K, reserved 1130496K
  class space    used 12628K, committed 12928K, reserved 1048576K
}
Event: 20.886 GC heap after
{Heap after GC invocations=34 (full 0):
 garbage-first heap   total 184320K, used 78962K [0x0000000080000000, 0x0000000100000000)
  region size 1024K, 8 young (8192K), 8 survivors (8192K)
 Metaspace       used 92769K, committed 93440K, reserved 1130496K
  class space    used 12628K, committed 12928K, reserved 1048576K
}
Event: 22.672 GC heap before
{Heap before GC invocations=34 (full 0):
 garbage-first heap   total 184320K, used 143474K [0x0000000080000000, 0x0000000100000000)
  region size 1024K, 72 young (73728K), 8 survivors (8192K)
 Metaspace       used 94761K, committed 95360K, reserved 1138688K
  class space    used 12947K, committed 13248K, reserved 1048576K
}
Event: 22.696 GC heap after
{Heap after GC invocations=35 (full 0):
 garbage-first heap   total 184320K, used 87382K [0x0000000080000000, 0x0000000100000000)
  region size 1024K, 8 young (8192K), 8 survivors (8192K)
 Metaspace       used 94761K, committed 95360K, reserved 1138688K
  class space    used 12947K, committed 13248K, reserved 1048576K
}
Event: 24.528 GC heap before
{Heap before GC invocations=35 (full 0):
 garbage-first heap   total 184320K, used 144726K [0x0000000080000000, 0x0000000100000000)
  region size 1024K, 65 young (66560K), 8 survivors (8192K)
 Metaspace       used 95790K, committed 96384K, reserved 1138688K
  class space    used 13023K, committed 13312K, reserved 1048576K
}
Event: 24.560 GC heap after
{Heap after GC invocations=36 (full 0):
 garbage-first heap   total 184320K, used 91861K [0x0000000080000000, 0x0000000100000000)
  region size 1024K, 5 young (5120K), 5 survivors (5120K)
 Metaspace       used 95790K, committed 96384K, reserved 1138688K
  class space    used 13023K, committed 13312K, reserved 1048576K
}
Event: 26.277 GC heap before
{Heap before GC invocations=36 (full 0):
 garbage-first heap   total 184320K, used 147157K [0x0000000080000000, 0x0000000100000000)
  region size 1024K, 60 young (61440K), 5 survivors (5120K)
 Metaspace       used 99351K, committed 100096K, reserved 1138688K
  class space    used 13508K, committed 13824K, reserved 1048576K
}
Event: 26.298 GC heap after
{Heap after GC invocations=37 (full 0):
 garbage-first heap   total 184320K, used 96629K [0x0000000080000000, 0x0000000100000000)
  region size 1024K, 8 young (8192K), 8 survivors (8192K)
 Metaspace       used 99351K, committed 100096K, reserved 1138688K
  class space    used 13508K, committed 13824K, reserved 1048576K
}

