# JRE version: OpenJDK Runtime Environment (17.0.6) (build 17.0.6+0-b2043.56-10027231)
# Java VM: OpenJDK 64-Bit Server VM (17.0.6+0-b2043.56-10027231, mixed mode, tiered, compressed oops, compressed class ptrs, g1 gc, windows-amd64)
GC Precious Log:
 CPUs: 4 total, 4 available
 Memory: 8076M
 Large Page Support: Disabled
 NUMA Support: Disabled
 Compressed Oops: Enabled (32-bit)
 Heap Region Size: 1M
 Heap Min Capacity: 8M
 Heap Initial Capacity: 128M
 Heap Max Capacity: 2G
 Pre-touch: Disabled
 Parallel Workers: 4
 Concurrent Workers: 1
 Concurrent Refinement Workers: 4
 Periodic GC: Disabled
Heap:
 garbage-first heap   total 347136K, used 140505K [0x0000000080000000, 0x0000000100000000)
  region size 1024K, 1 young (1024K), 1 survivors (1024K)
 Metaspace       used 128249K, committed 129792K, reserved 1163264K
  class space    used 17127K, committed 17856K, reserved 1048576K
GC Heap History (20 events):
Event: 991.651 GC heap after
{Heap after GC invocations=69 (full 0):
 garbage-first heap   total 340992K, used 140184K [0x0000000080000000, 0x0000000100000000)
  region size 1024K, 1 young (1024K), 1 survivors (1024K)
 Metaspace       used 127200K, committed 128640K, reserved 1163264K
  class space    used 17071K, committed 17728K, reserved 1048576K
}
Event: 992.078 GC heap before
{Heap before GC invocations=69 (full 0):
 garbage-first heap   total 340992K, used 184216K [0x0000000080000000, 0x0000000100000000)
  region size 1024K, 46 young (47104K), 1 survivors (1024K)
 Metaspace       used 127260K, committed 128704K, reserved 1163264K
  class space    used 17071K, committed 17728K, reserved 1048576K
}
Event: 992.083 GC heap after
{Heap after GC invocations=70 (full 0):
 garbage-first heap   total 340992K, used 140153K [0x0000000080000000, 0x0000000100000000)
  region size 1024K, 1 young (1024K), 1 survivors (1024K)
 Metaspace       used 127260K, committed 128704K, reserved 1163264K
  class space    used 17071K, committed 17728K, reserved 1048576K
}
Event: 1083.965 GC heap before
{Heap before GC invocations=71 (full 0):
 garbage-first heap   total 343040K, used 328569K [0x0000000080000000, 0x0000000100000000)
  region size 1024K, 125 young (128000K), 1 survivors (1024K)
 Metaspace       used 127642K, committed 129152K, reserved 1163264K
  class space    used 17122K, committed 17856K, reserved 1048576K
}
Event: 1083.988 GC heap after
{Heap after GC invocations=72 (full 0):
 garbage-first heap   total 344064K, used 150930K [0x0000000080000000, 0x0000000100000000)
  region size 1024K, 13 young (13312K), 13 survivors (13312K)
 Metaspace       used 127642K, committed 129152K, reserved 1163264K
  class space    used 17122K, committed 17856K, reserved 1048576K
}
Event: 1084.007 GC heap before
{Heap before GC invocations=72 (full 0):
 garbage-first heap   total 344064K, used 152978K [0x0000000080000000, 0x0000000100000000)
  region size 1024K, 16 young (16384K), 13 survivors (13312K)
 Metaspace       used 127642K, committed 129152K, reserved 1163264K
  class space    used 17122K, committed 17856K, reserved 1048576K
}
Event: 1084.031 GC heap after
{Heap after GC invocations=73 (full 0):
 garbage-first heap   total 344064K, used 140452K [0x0000000080000000, 0x0000000100000000)
  region size 1024K, 1 young (1024K), 1 survivors (1024K)
 Metaspace       used 127642K, committed 129152K, reserved 1163264K
  class space    used 17122K, committed 17856K, reserved 1048576K
}
Event: 1084.585 GC heap before
{Heap before GC invocations=73 (full 0):
 garbage-first heap   total 344064K, used 191652K [0x0000000080000000, 0x0000000100000000)
  region size 1024K, 53 young (54272K), 1 survivors (1024K)
 Metaspace       used 127760K, committed 129280K, reserved 1163264K
  class space    used 17125K, committed 17856K, reserved 1048576K
}
Event: 1084.589 GC heap after
{Heap after GC invocations=74 (full 0):
 garbage-first heap   total 344064K, used 140244K [0x0000000080000000, 0x0000000100000000)
  region size 1024K, 1 young (1024K), 1 survivors (1024K)
 Metaspace       used 127760K, committed 129280K, reserved 1163264K
  class space    used 17125K, committed 17856K, reserved 1048576K
}
Event: 1142.318 GC heap before
{Heap before GC invocations=75 (full 0):
 garbage-first heap   total 344064K, used 329684K [0x0000000080000000, 0x0000000100000000)
  region size 1024K, 125 young (128000K), 1 survivors (1024K)
 Metaspace       used 127986K, committed 129536K, reserved 1163264K
  class space    used 17126K, committed 17856K, reserved 1048576K
}
Event: 1142.343 GC heap after
{Heap after GC invocations=76 (full 0):
 garbage-first heap   total 345088K, used 151227K [0x0000000080000000, 0x0000000100000000)
  region size 1024K, 12 young (12288K), 12 survivors (12288K)
 Metaspace       used 127986K, committed 129536K, reserved 1163264K
  class space    used 17126K, committed 17856K, reserved 1048576K
}
Event: 1142.382 GC heap before
{Heap before GC invocations=76 (full 0):
 garbage-first heap   total 345088K, used 155323K [0x0000000080000000, 0x0000000100000000)
  region size 1024K, 16 young (16384K), 12 survivors (12288K)
 Metaspace       used 127986K, committed 129536K, reserved 1163264K
  class space    used 17126K, committed 17856K, reserved 1048576K
}
Event: 1142.405 GC heap after
{Heap after GC invocations=77 (full 0):
 garbage-first heap   total 345088K, used 139936K [0x0000000080000000, 0x0000000100000000)
  region size 1024K, 1 young (1024K), 1 survivors (1024K)
 Metaspace       used 127986K, committed 129536K, reserved 1163264K
  class space    used 17126K, committed 17856K, reserved 1048576K
}
Event: 1142.591 GC heap before
{Heap before GC invocations=77 (full 0):
 garbage-first heap   total 345088K, used 157344K [0x0000000080000000, 0x0000000100000000)
  region size 1024K, 20 young (20480K), 1 survivors (1024K)
 Metaspace       used 127999K, committed 129536K, reserved 1163264K
  class space    used 17126K, committed 17856K, reserved 1048576K
}
Event: 1142.594 GC heap after
{Heap after GC invocations=78 (full 0):
 garbage-first heap   total 345088K, used 139668K [0x0000000080000000, 0x0000000100000000)
  region size 1024K, 1 young (1024K), 1 survivors (1024K)
 Metaspace       used 127999K, committed 129536K, reserved 1163264K
  class space    used 17126K, committed 17856K, reserved 1048576K
}
Event: 1231.173 GC heap before
{Heap before GC invocations=79 (full 0):
 garbage-first heap   total 345088K, used 331156K [0x0000000080000000, 0x0000000100000000)
  region size 1024K, 129 young (132096K), 1 survivors (1024K)
 Metaspace       used 128233K, committed 129728K, reserved 1163264K
  class space    used 17127K, committed 17856K, reserved 1048576K
}
Event: 1231.205 GC heap after
{Heap after GC invocations=80 (full 0):
 garbage-first heap   total 347136K, used 149740K [0x0000000080000000, 0x0000000100000000)
  region size 1024K, 13 young (13312K), 13 survivors (13312K)
 Metaspace       used 128233K, committed 129728K, reserved 1163264K
  class space    used 17127K, committed 17856K, reserved 1048576K
}
Event: 1231.235 GC heap before
{Heap before GC invocations=80 (full 0):
 garbage-first heap   total 347136K, used 152812K [0x0000000080000000, 0x0000000100000000)
  region size 1024K, 16 young (16384K), 13 survivors (13312K)
 Metaspace       used 128233K, committed 129728K, reserved 1163264K
  class space    used 17127K, committed 17856K, reserved 1048576K
}
Event: 1231.263 GC heap after
{Heap after GC invocations=81 (full 0):
 garbage-first heap   total 347136K, used 140646K [0x0000000080000000, 0x0000000100000000)
  region size 1024K, 1 young (1024K), 1 survivors (1024K)
 Metaspace       used 128233K, committed 129728K, reserved 1163264K
  class space    used 17127K, committed 17856K, reserved 1048576K
}
Event: 1231.659 GC heap before
{Heap before GC invocations=81 (full 0):
 garbage-first heap   total 347136K, used 188774K [0x0000000080000000, 0x0000000100000000)
  region size 1024K, 50 young (51200K), 1 survivors (1024K)
 Metaspace       used 128249K, committed 129792K, reserved 1163264K
  class space    used 17127K, committed 17856K, reserved 1048576K
}

