# JRE version: OpenJDK Runtime Environment (17.0.6) (build 17.0.6+0-b2043.56-10027231)
# Java VM: OpenJDK 64-Bit Server VM (17.0.6+0-b2043.56-10027231, mixed mode, tiered, compressed oops, compressed class ptrs, g1 gc, windows-amd64)
GC Precious Log:
 CPUs: 4 total, 4 available
 Memory: 8076M
 Large Page Support: Disabled
 NUMA Support: Disabled
 Compressed Oops: Enabled (32-bit)
 Heap Region Size: 1M
 Heap Min Capacity: 8M
 Heap Initial Capacity: 128M
 Heap Max Capacity: 2G
 Pre-touch: Disabled
 Parallel Workers: 4
 Concurrent Workers: 1
 Concurrent Refinement Workers: 4
 Periodic GC: Disabled
Heap:
 garbage-first heap   total 448512K, used 128339K [0x0000000080000000, 0x0000000100000000)
  region size 1024K, 10 young (10240K), 10 survivors (10240K)
 Metaspace       used 126351K, committed 127744K, reserved 1163264K
  class space    used 16950K, committed 17600K, reserved 1048576K
GC Heap History (20 events):
Event: 886.510 GC heap after
{Heap after GC invocations=51 (full 0):
 garbage-first heap   total 362496K, used 113767K [0x0000000080000000, 0x0000000100000000)
  region size 1024K, 1 young (1024K), 1 survivors (1024K)
 Metaspace       used 122248K, committed 123136K, reserved 1155072K
  class space    used 16638K, committed 17024K, reserved 1048576K
}
Event: 886.894 GC heap before
{Heap before GC invocations=51 (full 0):
 garbage-first heap   total 362496K, used 122983K [0x0000000080000000, 0x0000000100000000)
  region size 1024K, 12 young (12288K), 1 survivors (1024K)
 Metaspace       used 122471K, committed 123392K, reserved 1155072K
  class space    used 16641K, committed 17088K, reserved 1048576K
}
Event: 886.897 GC heap after
{Heap after GC invocations=52 (full 0):
 garbage-first heap   total 362496K, used 114016K [0x0000000080000000, 0x0000000100000000)
  region size 1024K, 1 young (1024K), 1 survivors (1024K)
 Metaspace       used 122471K, committed 123392K, reserved 1155072K
  class space    used 16641K, committed 17088K, reserved 1048576K
}
Event: 1080.923 GC heap before
{Heap before GC invocations=53 (full 0):
 garbage-first heap   total 362496K, used 333152K [0x0000000080000000, 0x0000000100000000)
  region size 1024K, 151 young (154624K), 1 survivors (1024K)
 Metaspace       used 123256K, committed 124160K, reserved 1163264K
  class space    used 16685K, committed 17152K, reserved 1048576K
}
Event: 1080.935 GC heap after
{Heap after GC invocations=54 (full 0):
 garbage-first heap   total 362496K, used 116494K [0x0000000080000000, 0x0000000100000000)
  region size 1024K, 4 young (4096K), 4 survivors (4096K)
 Metaspace       used 123256K, committed 124160K, reserved 1163264K
  class space    used 16685K, committed 17152K, reserved 1048576K
}
Event: 1081.242 GC heap before
{Heap before GC invocations=54 (full 0):
 garbage-first heap   total 362496K, used 128782K [0x0000000080000000, 0x0000000100000000)
  region size 1024K, 17 young (17408K), 4 survivors (4096K)
 Metaspace       used 123303K, committed 124288K, reserved 1163264K
  class space    used 16686K, committed 17152K, reserved 1048576K
}
Event: 1081.269 GC heap after
{Heap after GC invocations=55 (full 0):
 garbage-first heap   total 362496K, used 114823K [0x0000000080000000, 0x0000000100000000)
  region size 1024K, 2 young (2048K), 2 survivors (2048K)
 Metaspace       used 123303K, committed 124288K, reserved 1163264K
  class space    used 16686K, committed 17152K, reserved 1048576K
}
Event: 1085.597 GC heap before
{Heap before GC invocations=55 (full 0):
 garbage-first heap   total 362496K, used 184455K [0x0000000080000000, 0x0000000100000000)
  region size 1024K, 72 young (73728K), 2 survivors (2048K)
 Metaspace       used 123841K, committed 124864K, reserved 1163264K
  class space    used 16731K, committed 17216K, reserved 1048576K
}
Event: 1085.613 GC heap after
{Heap after GC invocations=56 (full 0):
 garbage-first heap   total 362496K, used 121596K [0x0000000080000000, 0x0000000100000000)
  region size 1024K, 8 young (8192K), 8 survivors (8192K)
 Metaspace       used 123841K, committed 124864K, reserved 1163264K
  class space    used 16731K, committed 17216K, reserved 1048576K
}
Event: 1164.975 GC heap before
{Heap before GC invocations=57 (full 0):
 garbage-first heap   total 362496K, used 329468K [0x0000000080000000, 0x0000000100000000)
  region size 1024K, 148 young (151552K), 8 survivors (8192K)
 Metaspace       used 124341K, committed 125312K, reserved 1163264K
  class space    used 16735K, committed 17216K, reserved 1048576K
}
Event: 1164.998 GC heap after
{Heap after GC invocations=58 (full 0):
 garbage-first heap   total 362496K, used 122552K [0x0000000080000000, 0x0000000100000000)
  region size 1024K, 10 young (10240K), 10 survivors (10240K)
 Metaspace       used 124341K, committed 125312K, reserved 1163264K
  class space    used 16735K, committed 17216K, reserved 1048576K
}
Event: 1165.098 GC heap before
{Heap before GC invocations=58 (full 0):
 garbage-first heap   total 362496K, used 128696K [0x0000000080000000, 0x0000000100000000)
  region size 1024K, 17 young (17408K), 10 survivors (10240K)
 Metaspace       used 124342K, committed 125312K, reserved 1163264K
  class space    used 16735K, committed 17216K, reserved 1048576K
}
Event: 1165.123 GC heap after
{Heap after GC invocations=59 (full 0):
 garbage-first heap   total 362496K, used 116564K [0x0000000080000000, 0x0000000100000000)
  region size 1024K, 1 young (1024K), 1 survivors (1024K)
 Metaspace       used 124342K, committed 125312K, reserved 1163264K
  class space    used 16735K, committed 17216K, reserved 1048576K
}
Event: 1170.047 GC heap before
{Heap before GC invocations=59 (full 0):
 garbage-first heap   total 362496K, used 191316K [0x0000000080000000, 0x0000000100000000)
  region size 1024K, 76 young (77824K), 1 survivors (1024K)
 Metaspace       used 124970K, committed 125952K, reserved 1163264K
  class space    used 16749K, committed 17216K, reserved 1048576K
}
Event: 1170.067 GC heap after
{Heap after GC invocations=60 (full 0):
 garbage-first heap   total 362496K, used 123691K [0x0000000080000000, 0x0000000100000000)
  region size 1024K, 8 young (8192K), 8 survivors (8192K)
 Metaspace       used 124970K, committed 125952K, reserved 1163264K
  class space    used 16749K, committed 17216K, reserved 1048576K
}
Event: 1250.787 GC heap before
{Heap before GC invocations=61 (full 0):
 garbage-first heap   total 362496K, used 330539K [0x0000000080000000, 0x0000000100000000)
  region size 1024K, 147 young (150528K), 8 survivors (8192K)
 Metaspace       used 125326K, committed 126336K, reserved 1163264K
  class space    used 16755K, committed 17216K, reserved 1048576K
}
Event: 1250.805 GC heap after
{Heap after GC invocations=62 (full 0):
 garbage-first heap   total 362496K, used 124709K [0x0000000080000000, 0x0000000100000000)
  region size 1024K, 10 young (10240K), 10 survivors (10240K)
 Metaspace       used 125326K, committed 126336K, reserved 1163264K
  class space    used 16755K, committed 17216K, reserved 1048576K
}
Event: 1250.852 GC heap before
{Heap before GC invocations=62 (full 0):
 garbage-first heap   total 362496K, used 131877K [0x0000000080000000, 0x0000000100000000)
  region size 1024K, 17 young (17408K), 10 survivors (10240K)
 Metaspace       used 125385K, committed 126464K, reserved 1163264K
  class space    used 16769K, committed 17280K, reserved 1048576K
}
Event: 1250.868 GC heap after
{Heap after GC invocations=63 (full 0):
 garbage-first heap   total 362496K, used 119568K [0x0000000080000000, 0x0000000100000000)
  region size 1024K, 2 young (2048K), 2 survivors (2048K)
 Metaspace       used 125385K, committed 126464K, reserved 1163264K
  class space    used 16769K, committed 17280K, reserved 1048576K
}
Event: 1508.262 GC heap before
{Heap before GC invocations=63 (full 0):
 garbage-first heap   total 362496K, used 279312K [0x0000000080000000, 0x0000000100000000)
  region size 1024K, 159 young (162816K), 2 survivors (2048K)
 Metaspace       used 126351K, committed 127744K, reserved 1163264K
  class space    used 16950K, committed 17600K, reserved 1048576K
}

