# JRE version: OpenJDK Runtime Environment (17.0.6) (build 17.0.6+0-b2043.56-10027231)
# Java VM: OpenJDK 64-Bit Server VM (17.0.6+0-b2043.56-10027231, mixed mode, tiered, compressed oops, compressed class ptrs, g1 gc, windows-amd64)
GC Precious Log:
 CPUs: 4 total, 4 available
 Memory: 8076M
 Large Page Support: Disabled
 NUMA Support: Disabled
 Compressed Oops: Enabled (32-bit)
 Heap Region Size: 1M
 Heap Min Capacity: 8M
 Heap Initial Capacity: 128M
 Heap Max Capacity: 2G
 Pre-touch: Disabled
 Parallel Workers: 4
 Concurrent Workers: 1
 Concurrent Refinement Workers: 4
 Periodic GC: Disabled
Heap:
 garbage-first heap   total 450560K, used 180951K [0x0000000080000000, 0x0000000100000000)
  region size 1024K, 16 young (16384K), 16 survivors (16384K)
 Metaspace       used 116654K, committed 117440K, reserved 1155072K
  class space    used 15824K, committed 16192K, reserved 1048576K
GC Heap History (20 events):
Event: 24.395 GC heap after
{Heap after GC invocations=39 (full 0):
 garbage-first heap   total 450560K, used 143268K [0x0000000080000000, 0x0000000100000000)
  region size 1024K, 33 young (33792K), 33 survivors (33792K)
 Metaspace       used 112742K, committed 113472K, reserved 1146880K
  class space    used 15357K, committed 15680K, reserved 1048576K
}
Event: 24.410 GC heap before
{Heap before GC invocations=39 (full 0):
 garbage-first heap   total 450560K, used 144292K [0x0000000080000000, 0x0000000100000000)
  region size 1024K, 34 young (34816K), 33 survivors (33792K)
 Metaspace       used 112757K, committed 113472K, reserved 1146880K
  class space    used 15358K, committed 15680K, reserved 1048576K
}
Event: 24.477 GC heap after
{Heap after GC invocations=40 (full 0):
 garbage-first heap   total 450560K, used 145273K [0x0000000080000000, 0x0000000100000000)
  region size 1024K, 2 young (2048K), 2 survivors (2048K)
 Metaspace       used 112757K, committed 113472K, reserved 1146880K
  class space    used 15358K, committed 15680K, reserved 1048576K
}
Event: 26.147 GC heap before
{Heap before GC invocations=40 (full 0):
 garbage-first heap   total 450560K, used 324473K [0x0000000080000000, 0x0000000100000000)
  region size 1024K, 178 young (182272K), 2 survivors (2048K)
 Metaspace       used 113653K, committed 114432K, reserved 1155072K
  class space    used 15431K, committed 15808K, reserved 1048576K
}
Event: 26.168 GC heap after
{Heap after GC invocations=41 (full 0):
 garbage-first heap   total 450560K, used 146639K [0x0000000080000000, 0x0000000100000000)
  region size 1024K, 4 young (4096K), 4 survivors (4096K)
 Metaspace       used 113653K, committed 114432K, reserved 1155072K
  class space    used 15431K, committed 15808K, reserved 1048576K
}
Event: 27.627 GC heap before
{Heap before GC invocations=41 (full 0):
 garbage-first heap   total 450560K, used 340175K [0x0000000080000000, 0x0000000100000000)
  region size 1024K, 193 young (197632K), 4 survivors (4096K)
 Metaspace       used 113885K, committed 114624K, reserved 1155072K
  class space    used 15456K, committed 15808K, reserved 1048576K
}
Event: 27.645 GC heap after
{Heap after GC invocations=42 (full 0):
 garbage-first heap   total 450560K, used 147321K [0x0000000080000000, 0x0000000100000000)
  region size 1024K, 4 young (4096K), 4 survivors (4096K)
 Metaspace       used 113885K, committed 114624K, reserved 1155072K
  class space    used 15456K, committed 15808K, reserved 1048576K
}
Event: 29.102 GC heap before
{Heap before GC invocations=42 (full 0):
 garbage-first heap   total 450560K, used 356217K [0x0000000080000000, 0x0000000100000000)
  region size 1024K, 208 young (212992K), 4 survivors (4096K)
 Metaspace       used 116120K, committed 116864K, reserved 1155072K
  class space    used 15793K, committed 16128K, reserved 1048576K
}
Event: 29.121 GC heap after
{Heap after GC invocations=43 (full 0):
 garbage-first heap   total 450560K, used 149369K [0x0000000080000000, 0x0000000100000000)
  region size 1024K, 6 young (6144K), 6 survivors (6144K)
 Metaspace       used 116120K, committed 116864K, reserved 1155072K
  class space    used 15793K, committed 16128K, reserved 1048576K
}
Event: 30.110 GC heap before
{Heap before GC invocations=43 (full 0):
 garbage-first heap   total 450560K, used 365433K [0x0000000080000000, 0x0000000100000000)
  region size 1024K, 217 young (222208K), 6 survivors (6144K)
 Metaspace       used 116329K, committed 117056K, reserved 1155072K
  class space    used 15803K, committed 16128K, reserved 1048576K
}
Event: 30.136 GC heap after
{Heap after GC invocations=44 (full 0):
 garbage-first heap   total 450560K, used 155513K [0x0000000080000000, 0x0000000100000000)
  region size 1024K, 12 young (12288K), 12 survivors (12288K)
 Metaspace       used 116329K, committed 117056K, reserved 1155072K
  class space    used 15803K, committed 16128K, reserved 1048576K
}
Event: 31.068 GC heap before
{Heap before GC invocations=44 (full 0):
 garbage-first heap   total 450560K, used 368505K [0x0000000080000000, 0x0000000100000000)
  region size 1024K, 220 young (225280K), 12 survivors (12288K)
 Metaspace       used 116431K, committed 117184K, reserved 1155072K
  class space    used 15817K, committed 16192K, reserved 1048576K
}
Event: 31.109 GC heap after
{Heap after GC invocations=45 (full 0):
 garbage-first heap   total 450560K, used 167794K [0x0000000080000000, 0x0000000100000000)
  region size 1024K, 24 young (24576K), 24 survivors (24576K)
 Metaspace       used 116431K, committed 117184K, reserved 1155072K
  class space    used 15817K, committed 16192K, reserved 1048576K
}
Event: 32.004 GC heap before
{Heap before GC invocations=45 (full 0):
 garbage-first heap   total 450560K, used 369522K [0x0000000080000000, 0x0000000100000000)
  region size 1024K, 221 young (226304K), 24 survivors (24576K)
 Metaspace       used 116460K, committed 117184K, reserved 1155072K
  class space    used 15818K, committed 16192K, reserved 1048576K
}
Event: 32.044 GC heap after
{Heap after GC invocations=46 (full 0):
 garbage-first heap   total 450560K, used 167939K [0x0000000080000000, 0x0000000100000000)
  region size 1024K, 13 young (13312K), 13 survivors (13312K)
 Metaspace       used 116460K, committed 117184K, reserved 1155072K
  class space    used 15818K, committed 16192K, reserved 1048576K
}
Event: 32.961 GC heap before
{Heap before GC invocations=46 (full 0):
 garbage-first heap   total 450560K, used 374787K [0x0000000080000000, 0x0000000100000000)
  region size 1024K, 215 young (220160K), 13 survivors (13312K)
 Metaspace       used 116596K, committed 117312K, reserved 1155072K
  class space    used 15821K, committed 16192K, reserved 1048576K
}
Event: 32.985 GC heap after
{Heap after GC invocations=47 (full 0):
 garbage-first heap   total 450560K, used 168963K [0x0000000080000000, 0x0000000100000000)
  region size 1024K, 14 young (14336K), 14 survivors (14336K)
 Metaspace       used 116596K, committed 117312K, reserved 1155072K
  class space    used 15821K, committed 16192K, reserved 1048576K
}
Event: 33.837 GC heap before
{Heap before GC invocations=47 (full 0):
 garbage-first heap   total 450560K, used 377859K [0x0000000080000000, 0x0000000100000000)
  region size 1024K, 219 young (224256K), 14 survivors (14336K)
 Metaspace       used 116636K, committed 117376K, reserved 1155072K
  class space    used 15821K, committed 16192K, reserved 1048576K
}
Event: 33.873 GC heap after
{Heap after GC invocations=48 (full 0):
 garbage-first heap   total 450560K, used 178179K [0x0000000080000000, 0x0000000100000000)
  region size 1024K, 23 young (23552K), 23 survivors (23552K)
 Metaspace       used 116636K, committed 117376K, reserved 1155072K
  class space    used 15821K, committed 16192K, reserved 1048576K
}
Event: 34.872 GC heap before
{Heap before GC invocations=48 (full 0):
 garbage-first heap   total 450560K, used 377859K [0x0000000080000000, 0x0000000100000000)
  region size 1024K, 218 young (223232K), 23 survivors (23552K)
 Metaspace       used 116654K, committed 117440K, reserved 1155072K
  class space    used 15824K, committed 16192K, reserved 1048576K
}

