# JRE version: OpenJDK Runtime Environment (17.0.6) (build 17.0.6+0-b2043.56-10027231)
# Java VM: OpenJDK 64-Bit Server VM (17.0.6+0-b2043.56-10027231, mixed mode, tiered, compressed oops, compressed class ptrs, g1 gc, windows-amd64)
GC Precious Log:
 CPUs: 4 total, 4 available
 Memory: 8076M
 Large Page Support: Disabled
 NUMA Support: Disabled
 Compressed Oops: Enabled (32-bit)
 Heap Region Size: 1M
 Heap Min Capacity: 8M
 Heap Initial Capacity: 128M
 Heap Max Capacity: 2020M
 Pre-touch: Disabled
 Parallel Workers: 4
 Concurrent Workers: 1
 Concurrent Refinement Workers: 4
 Periodic GC: Disabled
Heap:
 garbage-first heap   total 152576K, used 87040K [0x0000000081c00000, 0x0000000100000000)
  region size 1024K, 6 young (6144K), 6 survivors (6144K)
 Metaspace       used 85820K, committed 86208K, reserved 1130496K
  class space    used 9212K, committed 9408K, reserved 1048576K
GC Heap History (20 events):
Event: 5.036 GC heap after
{Heap after GC invocations=15 (full 0):
 garbage-first heap   total 126976K, used 38281K [0x0000000081c00000, 0x0000000100000000)
  region size 1024K, 8 young (8192K), 8 survivors (8192K)
 Metaspace       used 51823K, committed 52096K, reserved 1097728K
  class space    used 6195K, committed 6336K, reserved 1048576K
}
Event: 6.683 GC heap before
{Heap before GC invocations=15 (full 0):
 garbage-first heap   total 126976K, used 87433K [0x0000000081c00000, 0x0000000100000000)
  region size 1024K, 56 young (57344K), 8 survivors (8192K)
 Metaspace       used 55707K, committed 55936K, reserved 1105920K
  class space    used 6530K, committed 6656K, reserved 1048576K
}
Event: 6.714 GC heap after
{Heap after GC invocations=16 (full 0):
 garbage-first heap   total 126976K, used 45546K [0x0000000081c00000, 0x0000000100000000)
  region size 1024K, 7 young (7168K), 7 survivors (7168K)
 Metaspace       used 55707K, committed 55936K, reserved 1105920K
  class space    used 6530K, committed 6656K, reserved 1048576K
}
Event: 8.186 GC heap before
{Heap before GC invocations=16 (full 0):
 garbage-first heap   total 126976K, used 91626K [0x0000000081c00000, 0x0000000100000000)
  region size 1024K, 52 young (53248K), 7 survivors (7168K)
 Metaspace       used 58980K, committed 59264K, reserved 1105920K
  class space    used 6853K, committed 7040K, reserved 1048576K
}
Event: 8.224 GC heap after
{Heap after GC invocations=17 (full 0):
 garbage-first heap   total 126976K, used 52224K [0x0000000081c00000, 0x0000000100000000)
  region size 1024K, 6 young (6144K), 6 survivors (6144K)
 Metaspace       used 58980K, committed 59264K, reserved 1105920K
  class space    used 6853K, committed 7040K, reserved 1048576K
}
Event: 10.039 GC heap before
{Heap before GC invocations=17 (full 0):
 garbage-first heap   total 126976K, used 82944K [0x0000000081c00000, 0x0000000100000000)
  region size 1024K, 37 young (37888K), 6 survivors (6144K)
 Metaspace       used 60653K, committed 60928K, reserved 1105920K
  class space    used 6862K, committed 7040K, reserved 1048576K
}
Event: 10.061 GC heap after
{Heap after GC invocations=18 (full 0):
 garbage-first heap   total 152576K, used 54784K [0x0000000081c00000, 0x0000000100000000)
  region size 1024K, 3 young (3072K), 3 survivors (3072K)
 Metaspace       used 60653K, committed 60928K, reserved 1105920K
  class space    used 6862K, committed 7040K, reserved 1048576K
}
Event: 12.215 GC heap before
{Heap before GC invocations=19 (full 0):
 garbage-first heap   total 152576K, used 116224K [0x0000000081c00000, 0x0000000100000000)
  region size 1024K, 63 young (64512K), 3 survivors (3072K)
 Metaspace       used 66928K, committed 67264K, reserved 1114112K
  class space    used 7513K, committed 7680K, reserved 1048576K
}
Event: 12.233 GC heap after
{Heap after GC invocations=20 (full 0):
 garbage-first heap   total 152576K, used 60377K [0x0000000081c00000, 0x0000000100000000)
  region size 1024K, 8 young (8192K), 8 survivors (8192K)
 Metaspace       used 66928K, committed 67264K, reserved 1114112K
  class space    used 7513K, committed 7680K, reserved 1048576K
}
Event: 14.107 GC heap before
{Heap before GC invocations=20 (full 0):
 garbage-first heap   total 152576K, used 117721K [0x0000000081c00000, 0x0000000100000000)
  region size 1024K, 64 young (65536K), 8 survivors (8192K)
 Metaspace       used 70970K, committed 71296K, reserved 1114112K
  class space    used 7899K, committed 8064K, reserved 1048576K
}
Event: 14.149 GC heap after
{Heap after GC invocations=21 (full 0):
 garbage-first heap   total 152576K, used 72281K [0x0000000081c00000, 0x0000000100000000)
  region size 1024K, 8 young (8192K), 8 survivors (8192K)
 Metaspace       used 70970K, committed 71296K, reserved 1114112K
  class space    used 7899K, committed 8064K, reserved 1048576K
}
Event: 15.484 GC heap before
{Heap before GC invocations=21 (full 0):
 garbage-first heap   total 152576K, used 116313K [0x0000000081c00000, 0x0000000100000000)
  region size 1024K, 51 young (52224K), 8 survivors (8192K)
 Metaspace       used 77579K, committed 77952K, reserved 1122304K
  class space    used 8609K, committed 8768K, reserved 1048576K
}
Event: 15.510 GC heap after
{Heap after GC invocations=22 (full 0):
 garbage-first heap   total 152576K, used 77312K [0x0000000081c00000, 0x0000000100000000)
  region size 1024K, 4 young (4096K), 4 survivors (4096K)
 Metaspace       used 77579K, committed 77952K, reserved 1122304K
  class space    used 8609K, committed 8768K, reserved 1048576K
}
Event: 17.249 GC heap before
{Heap before GC invocations=22 (full 0):
 garbage-first heap   total 152576K, used 119296K [0x0000000081c00000, 0x0000000100000000)
  region size 1024K, 45 young (46080K), 4 survivors (4096K)
 Metaspace       used 80874K, committed 81216K, reserved 1122304K
  class space    used 8873K, committed 9024K, reserved 1048576K
}
Event: 17.262 GC heap after
{Heap after GC invocations=23 (full 0):
 garbage-first heap   total 152576K, used 79184K [0x0000000081c00000, 0x0000000100000000)
  region size 1024K, 6 young (6144K), 6 survivors (6144K)
 Metaspace       used 80874K, committed 81216K, reserved 1122304K
  class space    used 8873K, committed 9024K, reserved 1048576K
}
Event: 18.605 GC heap before
{Heap before GC invocations=24 (full 0):
 garbage-first heap   total 152576K, used 121168K [0x0000000081c00000, 0x0000000100000000)
  region size 1024K, 47 young (48128K), 6 survivors (6144K)
 Metaspace       used 85259K, committed 85632K, reserved 1130496K
  class space    used 9207K, committed 9408K, reserved 1048576K
}
Event: 18.623 GC heap after
{Heap after GC invocations=25 (full 0):
 garbage-first heap   total 152576K, used 82467K [0x0000000081c00000, 0x0000000100000000)
  region size 1024K, 6 young (6144K), 6 survivors (6144K)
 Metaspace       used 85259K, committed 85632K, reserved 1130496K
  class space    used 9207K, committed 9408K, reserved 1048576K
}
Event: 18.651 GC heap before
{Heap before GC invocations=25 (full 0):
 garbage-first heap   total 152576K, used 83491K [0x0000000081c00000, 0x0000000100000000)
  region size 1024K, 7 young (7168K), 6 survivors (6144K)
 Metaspace       used 85292K, committed 85632K, reserved 1130496K
  class space    used 9207K, committed 9408K, reserved 1048576K
}
Event: 18.665 GC heap after
{Heap after GC invocations=26 (full 0):
 garbage-first heap   total 152576K, used 81489K [0x0000000081c00000, 0x0000000100000000)
  region size 1024K, 1 young (1024K), 1 survivors (1024K)
 Metaspace       used 85292K, committed 85632K, reserved 1130496K
  class space    used 9207K, committed 9408K, reserved 1048576K
}
Event: 19.371 GC heap before
{Heap before GC invocations=26 (full 0):
 garbage-first heap   total 152576K, used 122449K [0x0000000081c00000, 0x0000000100000000)
  region size 1024K, 41 young (41984K), 1 survivors (1024K)
 Metaspace       used 85820K, committed 86208K, reserved 1130496K
  class space    used 9212K, committed 9408K, reserved 1048576K
}

