# JRE version: OpenJDK Runtime Environment (17.0.6) (build 17.0.6+0-b2043.56-10027231)
# Java VM: OpenJDK 64-Bit Server VM (17.0.6+0-b2043.56-10027231, mixed mode, tiered, compressed oops, compressed class ptrs, g1 gc, windows-amd64)
GC Precious Log:
 CPUs: 4 total, 4 available
 Memory: 8076M
 Large Page Support: Disabled
 NUMA Support: Disabled
 Compressed Oops: Enabled (32-bit)
 Heap Region Size: 1M
 Heap Min Capacity: 8M
 Heap Initial Capacity: 128M
 Heap Max Capacity: 2G
 Pre-touch: Disabled
 Parallel Workers: 4
 Concurrent Workers: 1
 Concurrent Refinement Workers: 4
 Periodic GC: Disabled
Heap:
 garbage-first heap   total 353280K, used 207400K [0x0000000080000000, 0x0000000100000000)
  region size 1024K, 3 young (3072K), 3 survivors (3072K)
 Metaspace       used 120248K, committed 121088K, reserved 1155072K
  class space    used 16264K, committed 16704K, reserved 1048576K
GC Heap History (20 events):
Event: 59.710 GC heap after
{Heap after GC invocations=56 (full 0):
 garbage-first heap   total 258048K, used 141394K [0x0000000080000000, 0x0000000100000000)
  region size 1024K, 6 young (6144K), 6 survivors (6144K)
 Metaspace       used 116107K, committed 116864K, reserved 1155072K
  class space    used 15773K, committed 16128K, reserved 1048576K
}
Event: 60.266 GC heap before
{Heap before GC invocations=56 (full 0):
 garbage-first heap   total 258048K, used 224338K [0x0000000080000000, 0x0000000100000000)
  region size 1024K, 87 young (89088K), 6 survivors (6144K)
 Metaspace       used 116121K, committed 116864K, reserved 1155072K
  class space    used 15773K, committed 16128K, reserved 1048576K
}
Event: 60.281 GC heap after
{Heap after GC invocations=57 (full 0):
 garbage-first heap   total 258048K, used 141702K [0x0000000080000000, 0x0000000100000000)
  region size 1024K, 6 young (6144K), 6 survivors (6144K)
 Metaspace       used 116121K, committed 116864K, reserved 1155072K
  class space    used 15773K, committed 16128K, reserved 1048576K
}
Event: 60.744 GC heap before
{Heap before GC invocations=57 (full 0):
 garbage-first heap   total 258048K, used 224646K [0x0000000080000000, 0x0000000100000000)
  region size 1024K, 87 young (89088K), 6 survivors (6144K)
 Metaspace       used 116130K, committed 116864K, reserved 1155072K
  class space    used 15776K, committed 16128K, reserved 1048576K
}
Event: 60.760 GC heap after
{Heap after GC invocations=58 (full 0):
 garbage-first heap   total 258048K, used 141910K [0x0000000080000000, 0x0000000100000000)
  region size 1024K, 6 young (6144K), 6 survivors (6144K)
 Metaspace       used 116130K, committed 116864K, reserved 1155072K
  class space    used 15776K, committed 16128K, reserved 1048576K
}
Event: 61.408 GC heap before
{Heap before GC invocations=58 (full 0):
 garbage-first heap   total 258048K, used 224854K [0x0000000080000000, 0x0000000100000000)
  region size 1024K, 87 young (89088K), 6 survivors (6144K)
 Metaspace       used 116144K, committed 116864K, reserved 1155072K
  class space    used 15779K, committed 16128K, reserved 1048576K
}
Event: 61.429 GC heap after
{Heap after GC invocations=59 (full 0):
 garbage-first heap   total 258048K, used 142521K [0x0000000080000000, 0x0000000100000000)
  region size 1024K, 6 young (6144K), 6 survivors (6144K)
 Metaspace       used 116144K, committed 116864K, reserved 1155072K
  class space    used 15779K, committed 16128K, reserved 1048576K
}
Event: 62.330 GC heap before
{Heap before GC invocations=59 (full 0):
 garbage-first heap   total 258048K, used 224441K [0x0000000080000000, 0x0000000100000000)
  region size 1024K, 86 young (88064K), 6 survivors (6144K)
 Metaspace       used 117862K, committed 118592K, reserved 1155072K
  class space    used 16027K, committed 16384K, reserved 1048576K
}
Event: 62.352 GC heap after
{Heap after GC invocations=60 (full 0):
 garbage-first heap   total 310272K, used 146197K [0x0000000080000000, 0x0000000100000000)
  region size 1024K, 10 young (10240K), 10 survivors (10240K)
 Metaspace       used 117862K, committed 118592K, reserved 1155072K
  class space    used 16027K, committed 16384K, reserved 1048576K
}
Event: 63.549 GC heap before
{Heap before GC invocations=60 (full 0):
 garbage-first heap   total 310272K, used 226069K [0x0000000080000000, 0x0000000100000000)
  region size 1024K, 72 young (73728K), 10 survivors (10240K)
 Metaspace       used 119765K, committed 120640K, reserved 1155072K
  class space    used 16193K, committed 16640K, reserved 1048576K
}
Event: 63.567 GC heap after
{Heap after GC invocations=61 (full 0):
 garbage-first heap   total 310272K, used 162091K [0x0000000080000000, 0x0000000100000000)
  region size 1024K, 10 young (10240K), 10 survivors (10240K)
 Metaspace       used 119765K, committed 120640K, reserved 1155072K
  class space    used 16193K, committed 16640K, reserved 1048576K
}
Event: 63.872 GC heap before
{Heap before GC invocations=61 (full 0):
 garbage-first heap   total 310272K, used 199979K [0x0000000080000000, 0x0000000100000000)
  region size 1024K, 25 young (25600K), 10 survivors (10240K)
 Metaspace       used 120165K, committed 121024K, reserved 1155072K
  class space    used 16257K, committed 16704K, reserved 1048576K
}
Event: 63.892 GC heap after
{Heap after GC invocations=62 (full 0):
 garbage-first heap   total 310272K, used 182611K [0x0000000080000000, 0x0000000100000000)
  region size 1024K, 10 young (10240K), 10 survivors (10240K)
 Metaspace       used 120165K, committed 121024K, reserved 1155072K
  class space    used 16257K, committed 16704K, reserved 1048576K
}
Event: 63.932 GC heap before
{Heap before GC invocations=62 (full 0):
 garbage-first heap   total 310272K, used 227667K [0x0000000080000000, 0x0000000100000000)
  region size 1024K, 24 young (24576K), 10 survivors (10240K)
 Metaspace       used 120169K, committed 121024K, reserved 1155072K
  class space    used 16257K, committed 16704K, reserved 1048576K
}
Event: 63.942 GC heap after
{Heap after GC invocations=63 (full 0):
 garbage-first heap   total 310272K, used 200427K [0x0000000080000000, 0x0000000100000000)
  region size 1024K, 9 young (9216K), 9 survivors (9216K)
 Metaspace       used 120169K, committed 121024K, reserved 1155072K
  class space    used 16257K, committed 16704K, reserved 1048576K
}
Event: 63.944 GC heap before
{Heap before GC invocations=63 (full 0):
 garbage-first heap   total 310272K, used 202475K [0x0000000080000000, 0x0000000100000000)
  region size 1024K, 10 young (10240K), 9 survivors (9216K)
 Metaspace       used 120169K, committed 121024K, reserved 1155072K
  class space    used 16257K, committed 16704K, reserved 1048576K
}
Event: 63.951 GC heap after
{Heap after GC invocations=64 (full 0):
 garbage-first heap   total 310272K, used 199253K [0x0000000080000000, 0x0000000100000000)
  region size 1024K, 1 young (1024K), 1 survivors (1024K)
 Metaspace       used 120169K, committed 121024K, reserved 1155072K
  class space    used 16257K, committed 16704K, reserved 1048576K
}
Event: 64.771 GC heap before
{Heap before GC invocations=65 (full 0):
 garbage-first heap   total 353280K, used 246357K [0x0000000080000000, 0x0000000100000000)
  region size 1024K, 42 young (43008K), 1 survivors (1024K)
 Metaspace       used 120248K, committed 121088K, reserved 1155072K
  class space    used 16264K, committed 16704K, reserved 1048576K
}
Event: 64.800 GC heap after
{Heap after GC invocations=66 (full 0):
 garbage-first heap   total 353280K, used 211538K [0x0000000080000000, 0x0000000100000000)
  region size 1024K, 6 young (6144K), 6 survivors (6144K)
 Metaspace       used 120248K, committed 121088K, reserved 1155072K
  class space    used 16264K, committed 16704K, reserved 1048576K
}
Event: 64.866 GC heap before
{Heap before GC invocations=66 (full 0):
 garbage-first heap   total 353280K, used 222802K [0x0000000080000000, 0x0000000100000000)
  region size 1024K, 17 young (17408K), 6 survivors (6144K)
 Metaspace       used 120248K, committed 121088K, reserved 1155072K
  class space    used 16264K, committed 16704K, reserved 1048576K
}

