# JRE version: OpenJDK Runtime Environment (17.0.6) (build 17.0.6+0-b2043.56-10027231)
# Java VM: OpenJDK 64-Bit Server VM (17.0.6+0-b2043.56-10027231, mixed mode, tiered, compressed oops, compressed class ptrs, g1 gc, windows-amd64)
GC Precious Log:
 CPUs: 4 total, 4 available
 Memory: 8076M
 Large Page Support: Disabled
 NUMA Support: Disabled
 Compressed Oops: Enabled (32-bit)
 Heap Region Size: 1M
 Heap Min Capacity: 8M
 Heap Initial Capacity: 128M
 Heap Max Capacity: 2G
 Pre-touch: Disabled
 Parallel Workers: 4
 Concurrent Workers: 1
 Concurrent Refinement Workers: 4
 Periodic GC: Disabled
Heap:
 garbage-first heap   total 314368K, used 207872K [0x0000000080000000, 0x0000000100000000)
  region size 1024K, 7 young (7168K), 7 survivors (7168K)
 Metaspace       used 104714K, committed 105408K, reserved 1146880K
  class space    used 14203K, committed 14528K, reserved 1048576K
GC Heap History (20 events):
Event: 14.913 GC heap after
{Heap after GC invocations=26 (full 0):
 garbage-first heap   total 239616K, used 72451K [0x0000000080000000, 0x0000000100000000)
  region size 1024K, 9 young (9216K), 9 survivors (9216K)
 Metaspace       used 88199K, committed 88832K, reserved 1130496K
  class space    used 12045K, committed 12352K, reserved 1048576K
}
Event: 16.769 GC heap before
{Heap before GC invocations=26 (full 0):
 garbage-first heap   total 239616K, used 184067K [0x0000000080000000, 0x0000000100000000)
  region size 1024K, 119 young (121856K), 9 survivors (9216K)
 Metaspace       used 94448K, committed 95040K, reserved 1138688K
  class space    used 12895K, committed 13184K, reserved 1048576K
}
Event: 16.809 GC heap after
{Heap after GC invocations=27 (full 0):
 garbage-first heap   total 239616K, used 86289K [0x0000000080000000, 0x0000000100000000)
  region size 1024K, 15 young (15360K), 15 survivors (15360K)
 Metaspace       used 94448K, committed 95040K, reserved 1138688K
  class space    used 12895K, committed 13184K, reserved 1048576K
}
Event: 18.838 GC heap before
{Heap before GC invocations=27 (full 0):
 garbage-first heap   total 239616K, used 182545K [0x0000000080000000, 0x0000000100000000)
  region size 1024K, 110 young (112640K), 15 survivors (15360K)
 Metaspace       used 95547K, committed 96256K, reserved 1138688K
  class space    used 12995K, committed 13312K, reserved 1048576K
}
Event: 18.870 GC heap after
{Heap after GC invocations=28 (full 0):
 garbage-first heap   total 239616K, used 95017K [0x0000000080000000, 0x0000000100000000)
  region size 1024K, 8 young (8192K), 8 survivors (8192K)
 Metaspace       used 95547K, committed 96256K, reserved 1138688K
  class space    used 12995K, committed 13312K, reserved 1048576K
}
Event: 20.315 GC heap before
{Heap before GC invocations=28 (full 0):
 garbage-first heap   total 239616K, used 187177K [0x0000000080000000, 0x0000000100000000)
  region size 1024K, 99 young (101376K), 8 survivors (8192K)
 Metaspace       used 99078K, committed 99712K, reserved 1138688K
  class space    used 13464K, committed 13760K, reserved 1048576K
}
Event: 20.340 GC heap after
{Heap after GC invocations=29 (full 0):
 garbage-first heap   total 239616K, used 103173K [0x0000000080000000, 0x0000000100000000)
  region size 1024K, 8 young (8192K), 8 survivors (8192K)
 Metaspace       used 99078K, committed 99712K, reserved 1138688K
  class space    used 13464K, committed 13760K, reserved 1048576K
}
Event: 21.464 GC heap before
{Heap before GC invocations=29 (full 0):
 garbage-first heap   total 239616K, used 182021K [0x0000000080000000, 0x0000000100000000)
  region size 1024K, 75 young (76800K), 8 survivors (8192K)
 Metaspace       used 101325K, committed 102080K, reserved 1138688K
  class space    used 13711K, committed 14080K, reserved 1048576K
}
Event: 21.494 GC heap after
{Heap after GC invocations=30 (full 0):
 garbage-first heap   total 239616K, used 120865K [0x0000000080000000, 0x0000000100000000)
  region size 1024K, 7 young (7168K), 7 survivors (7168K)
 Metaspace       used 101325K, committed 102080K, reserved 1138688K
  class space    used 13711K, committed 14080K, reserved 1048576K
}
Event: 23.015 GC heap before
{Heap before GC invocations=31 (full 0):
 garbage-first heap   total 239616K, used 222241K [0x0000000080000000, 0x0000000100000000)
  region size 1024K, 45 young (46080K), 7 survivors (7168K)
 Metaspace       used 104383K, committed 105152K, reserved 1146880K
  class space    used 14155K, committed 14528K, reserved 1048576K
}
Event: 23.029 GC heap after
{Heap after GC invocations=32 (full 0):
 garbage-first heap   total 244736K, used 166907K [0x0000000080000000, 0x0000000100000000)
  region size 1024K, 10 young (10240K), 10 survivors (10240K)
 Metaspace       used 104383K, committed 105152K, reserved 1146880K
  class space    used 14155K, committed 14528K, reserved 1048576K
}
Event: 23.031 GC heap before
{Heap before GC invocations=32 (full 0):
 garbage-first heap   total 244736K, used 171003K [0x0000000080000000, 0x0000000100000000)
  region size 1024K, 11 young (11264K), 10 survivors (10240K)
 Metaspace       used 104383K, committed 105152K, reserved 1146880K
  class space    used 14155K, committed 14528K, reserved 1048576K
}
Event: 23.041 GC heap after
{Heap after GC invocations=33 (full 0):
 garbage-first heap   total 244736K, used 168749K [0x0000000080000000, 0x0000000100000000)
  region size 1024K, 1 young (1024K), 1 survivors (1024K)
 Metaspace       used 104383K, committed 105152K, reserved 1146880K
  class space    used 14155K, committed 14528K, reserved 1048576K
}
Event: 23.041 GC heap before
{Heap before GC invocations=33 (full 0):
 garbage-first heap   total 244736K, used 168749K [0x0000000080000000, 0x0000000100000000)
  region size 1024K, 2 young (2048K), 1 survivors (1024K)
 Metaspace       used 104383K, committed 105152K, reserved 1146880K
  class space    used 14155K, committed 14528K, reserved 1048576K
}
Event: 23.044 GC heap after
{Heap after GC invocations=34 (full 0):
 garbage-first heap   total 244736K, used 169163K [0x0000000080000000, 0x0000000100000000)
  region size 1024K, 1 young (1024K), 1 survivors (1024K)
 Metaspace       used 104383K, committed 105152K, reserved 1146880K
  class space    used 14155K, committed 14528K, reserved 1048576K
}
Event: 24.112 GC heap before
{Heap before GC invocations=35 (full 0):
 garbage-first heap   total 314368K, used 205003K [0x0000000080000000, 0x0000000100000000)
  region size 1024K, 28 young (28672K), 1 survivors (1024K)
 Metaspace       used 104697K, committed 105408K, reserved 1146880K
  class space    used 14202K, committed 14528K, reserved 1048576K
}
Event: 24.134 GC heap after
{Heap after GC invocations=36 (full 0):
 garbage-first heap   total 314368K, used 182904K [0x0000000080000000, 0x0000000100000000)
  region size 1024K, 4 young (4096K), 4 survivors (4096K)
 Metaspace       used 104697K, committed 105408K, reserved 1146880K
  class space    used 14202K, committed 14528K, reserved 1048576K
}
Event: 24.340 GC heap before
{Heap before GC invocations=36 (full 0):
 garbage-first heap   total 314368K, used 194168K [0x0000000080000000, 0x0000000100000000)
  region size 1024K, 15 young (15360K), 4 survivors (4096K)
 Metaspace       used 104697K, committed 105408K, reserved 1146880K
  class space    used 14202K, committed 14528K, reserved 1048576K
}
Event: 24.362 GC heap after
{Heap after GC invocations=37 (full 0):
 garbage-first heap   total 314368K, used 186291K [0x0000000080000000, 0x0000000100000000)
  region size 1024K, 2 young (2048K), 2 survivors (2048K)
 Metaspace       used 104697K, committed 105408K, reserved 1146880K
  class space    used 14202K, committed 14528K, reserved 1048576K
}
Event: 24.917 GC heap before
{Heap before GC invocations=37 (full 0):
 garbage-first heap   total 314368K, used 237491K [0x0000000080000000, 0x0000000100000000)
  region size 1024K, 49 young (50176K), 2 survivors (2048K)
 Metaspace       used 104714K, committed 105408K, reserved 1146880K
  class space    used 14203K, committed 14528K, reserved 1048576K
}

