# JRE version: OpenJDK Runtime Environment (17.0.6) (build 17.0.6+0-b2043.56-10027231)
# Java VM: OpenJDK 64-Bit Server VM (17.0.6+0-b2043.56-10027231, mixed mode, tiered, compressed oops, compressed class ptrs, g1 gc, windows-amd64)
GC Precious Log:
 CPUs: 4 total, 4 available
 Memory: 8076M
 Large Page Support: Disabled
 NUMA Support: Disabled
 Compressed Oops: Enabled (32-bit)
 Heap Region Size: 1M
 Heap Min Capacity: 8M
 Heap Initial Capacity: 128M
 Heap Max Capacity: 2020M
 Pre-touch: Disabled
 Parallel Workers: 4
 Concurrent Workers: 1
 Concurrent Refinement Workers: 4
 Periodic GC: Disabled
Heap:
 garbage-first heap   total 131072K, used 75157K [0x0000000081c00000, 0x0000000100000000)
  region size 1024K, 2 young (2048K), 2 survivors (2048K)
 Metaspace       used 76175K, committed 76544K, reserved 1122304K
  class space    used 8490K, committed 8640K, reserved 1048576K
GC Heap History (20 events):
Event: 14.027 GC heap after
{Heap after GC invocations=29 (full 0):
 garbage-first heap   total 81920K, used 49987K [0x0000000081c00000, 0x0000000100000000)
  region size 1024K, 3 young (3072K), 3 survivors (3072K)
 Metaspace       used 56998K, committed 57280K, reserved 1105920K
  class space    used 6673K, committed 6784K, reserved 1048576K
}
Event: 14.972 GC heap before
{Heap before GC invocations=30 (full 0):
 garbage-first heap   total 91136K, used 64323K [0x0000000081c00000, 0x0000000100000000)
  region size 1024K, 17 young (17408K), 3 survivors (3072K)
 Metaspace       used 58270K, committed 58496K, reserved 1105920K
  class space    used 6790K, committed 6912K, reserved 1048576K
}
Event: 14.982 GC heap after
{Heap after GC invocations=31 (full 0):
 garbage-first heap   total 91136K, used 52174K [0x0000000081c00000, 0x0000000100000000)
  region size 1024K, 3 young (3072K), 3 survivors (3072K)
 Metaspace       used 58270K, committed 58496K, reserved 1105920K
  class space    used 6790K, committed 6912K, reserved 1048576K
}
Event: 16.092 GC heap before
{Heap before GC invocations=31 (full 0):
 garbage-first heap   total 91136K, used 71630K [0x0000000081c00000, 0x0000000100000000)
  region size 1024K, 22 young (22528K), 3 survivors (3072K)
 Metaspace       used 59665K, committed 59968K, reserved 1105920K
  class space    used 6854K, committed 6976K, reserved 1048576K
}
Event: 16.103 GC heap after
{Heap after GC invocations=32 (full 0):
 garbage-first heap   total 109568K, used 53891K [0x0000000081c00000, 0x0000000100000000)
  region size 1024K, 2 young (2048K), 2 survivors (2048K)
 Metaspace       used 59665K, committed 59968K, reserved 1105920K
  class space    used 6854K, committed 6976K, reserved 1048576K
}
Event: 18.370 GC heap before
{Heap before GC invocations=33 (full 0):
 garbage-first heap   total 109568K, used 85635K [0x0000000081c00000, 0x0000000100000000)
  region size 1024K, 33 young (33792K), 2 survivors (2048K)
 Metaspace       used 61208K, committed 61504K, reserved 1105920K
  class space    used 6911K, committed 7040K, reserved 1048576K
}
Event: 18.387 GC heap after
{Heap after GC invocations=34 (full 0):
 garbage-first heap   total 109568K, used 57363K [0x0000000081c00000, 0x0000000100000000)
  region size 1024K, 5 young (5120K), 5 survivors (5120K)
 Metaspace       used 61208K, committed 61504K, reserved 1105920K
  class space    used 6911K, committed 7040K, reserved 1048576K
}
Event: 19.679 GC heap before
{Heap before GC invocations=34 (full 0):
 garbage-first heap   total 109568K, used 86035K [0x0000000081c00000, 0x0000000100000000)
  region size 1024K, 33 young (33792K), 5 survivors (5120K)
 Metaspace       used 66413K, committed 66752K, reserved 1114112K
  class space    used 7451K, committed 7616K, reserved 1048576K
}
Event: 19.701 GC heap after
{Heap after GC invocations=35 (full 0):
 garbage-first heap   total 109568K, used 60209K [0x0000000081c00000, 0x0000000100000000)
  region size 1024K, 3 young (3072K), 3 survivors (3072K)
 Metaspace       used 66413K, committed 66752K, reserved 1114112K
  class space    used 7451K, committed 7616K, reserved 1048576K
}
Event: 21.024 GC heap before
{Heap before GC invocations=36 (full 0):
 garbage-first heap   total 109568K, used 87857K [0x0000000081c00000, 0x0000000100000000)
  region size 1024K, 30 young (30720K), 3 survivors (3072K)
 Metaspace       used 69436K, committed 69760K, reserved 1114112K
  class space    used 7769K, committed 7936K, reserved 1048576K
}
Event: 21.040 GC heap after
{Heap after GC invocations=37 (full 0):
 garbage-first heap   total 109568K, used 64430K [0x0000000081c00000, 0x0000000100000000)
  region size 1024K, 4 young (4096K), 4 survivors (4096K)
 Metaspace       used 69436K, committed 69760K, reserved 1114112K
  class space    used 7769K, committed 7936K, reserved 1048576K
}
Event: 21.050 GC heap before
{Heap before GC invocations=37 (full 0):
 garbage-first heap   total 109568K, used 65454K [0x0000000081c00000, 0x0000000100000000)
  region size 1024K, 5 young (5120K), 4 survivors (4096K)
 Metaspace       used 69441K, committed 69760K, reserved 1114112K
  class space    used 7769K, committed 7936K, reserved 1048576K
}
Event: 21.065 GC heap after
{Heap after GC invocations=38 (full 0):
 garbage-first heap   total 109568K, used 65261K [0x0000000081c00000, 0x0000000100000000)
  region size 1024K, 1 young (1024K), 1 survivors (1024K)
 Metaspace       used 69441K, committed 69760K, reserved 1114112K
  class space    used 7769K, committed 7936K, reserved 1048576K
}
Event: 21.942 GC heap before
{Heap before GC invocations=38 (full 0):
 garbage-first heap   total 109568K, used 88813K [0x0000000081c00000, 0x0000000100000000)
  region size 1024K, 24 young (24576K), 1 survivors (1024K)
 Metaspace       used 70686K, committed 70976K, reserved 1114112K
  class space    used 7886K, committed 8000K, reserved 1048576K
}
Event: 21.967 GC heap after
{Heap after GC invocations=39 (full 0):
 garbage-first heap   total 109568K, used 71042K [0x0000000081c00000, 0x0000000100000000)
  region size 1024K, 3 young (3072K), 3 survivors (3072K)
 Metaspace       used 70686K, committed 70976K, reserved 1114112K
  class space    used 7886K, committed 8000K, reserved 1048576K
}
Event: 22.926 GC heap before
{Heap before GC invocations=40 (full 0):
 garbage-first heap   total 122880K, used 86402K [0x0000000081c00000, 0x0000000100000000)
  region size 1024K, 18 young (18432K), 3 survivors (3072K)
 Metaspace       used 71592K, committed 71936K, reserved 1114112K
  class space    used 7958K, committed 8128K, reserved 1048576K
}
Event: 22.948 GC heap after
{Heap after GC invocations=41 (full 0):
 garbage-first heap   total 122880K, used 73670K [0x0000000081c00000, 0x0000000100000000)
  region size 1024K, 2 young (2048K), 2 survivors (2048K)
 Metaspace       used 71592K, committed 71936K, reserved 1114112K
  class space    used 7958K, committed 8128K, reserved 1048576K
}
Event: 23.065 GC heap before
{Heap before GC invocations=41 (full 0):
 garbage-first heap   total 122880K, used 76742K [0x0000000081c00000, 0x0000000100000000)
  region size 1024K, 6 young (6144K), 2 survivors (2048K)
 Metaspace       used 72581K, committed 72960K, reserved 1114112K
  class space    used 8098K, committed 8256K, reserved 1048576K
}
Event: 23.086 GC heap after
{Heap after GC invocations=42 (full 0):
 garbage-first heap   total 122880K, used 73738K [0x0000000081c00000, 0x0000000100000000)
  region size 1024K, 1 young (1024K), 1 survivors (1024K)
 Metaspace       used 72581K, committed 72960K, reserved 1114112K
  class space    used 8098K, committed 8256K, reserved 1048576K
}
Event: 23.719 GC heap before
{Heap before GC invocations=42 (full 0):
 garbage-first heap   total 122880K, used 96266K [0x0000000081c00000, 0x0000000100000000)
  region size 1024K, 24 young (24576K), 1 survivors (1024K)
 Metaspace       used 76175K, committed 76544K, reserved 1122304K
  class space    used 8490K, committed 8640K, reserved 1048576K
}

